{"C:\\Rahul\\ElectEd\\src\\App.tsx": {"path":"C:\\Rahul\\ElectEd\\src\\App.tsx","statementMap":{"0":{"start":{"line":36,"column":10},"end":{"line":36,"column":33}},"1":{"start":{"line":38,"column":2},"end":{"line":42,"column":null}},"2":{"start":{"line":40,"column":24},"end":{"line":40,"column":30}},"3":{"start":{"line":41,"column":4},"end":{"line":41,"column":null}},"4":{"start":{"line":44,"column":2},"end":{"line":44,"column":null}}},"fnMap":{"0":{"name":"App","decl":{"start":{"line":35,"column":24},"end":{"line":35,"column":30}},"loc":{"start":{"line":35,"column":30},"end":{"line":44,"column":null}},"line":35},"1":{"name":"(anonymous_1)","decl":{"start":{"line":38,"column":2},"end":{"line":38,"column":18}},"loc":{"start":{"line":38,"column":18},"end":{"line":42,"column":6}},"line":38}},"branchMap":{},"s":{"0":0,"1":0,"2":0,"3":0,"4":0},"f":{"0":0,"1":0},"b":{},"meta":{"lastBranch":0,"lastFunction":2,"lastStatement":5,"seen":{"f:35:24:35:30":0,"s:36:10:36:33":0,"s:38:2:42:Infinity":1,"f:38:2:38:18":1,"s:40:24:40:30":2,"s:41:4:41:Infinity":3,"s:44:2:44:Infinity":4}}}
,"C:\\Rahul\\ElectEd\\src\\components\\auth\\AuthButton.tsx": {"path":"C:\\Rahul\\ElectEd\\src\\components\\auth\\AuthButton.tsx","statementMap":{"0":{"start":{"line":7,"column":45},"end":{"line":7,"column":71}},"1":{"start":{"line":8,"column":23},"end":{"line":8,"column":57}},"2":{"start":{"line":9,"column":8},"end":{"line":9,"column":51}},"3":{"start":{"line":11,"column":2},"end":{"line":19,"column":null}},"4":{"start":{"line":12,"column":10},"end":{"line":14,"column":null}},"5":{"start":{"line":13,"column":6},"end":{"line":14,"column":null}},"6":{"start":{"line":14,"column":8},"end":{"line":14,"column":null}},"7":{"start":{"line":17,"column":4},"end":{"line":17,"column":null}},"8":{"start":{"line":18,"column":4},"end":{"line":18,"column":null}},"9":{"start":{"line":18,"column":17},"end":{"line":18,"column":67}},"10":{"start":{"line":21,"column":2},"end":{"line":21,"column":null}},"11":{"start":{"line":21,"column":17},"end":{"line":21,"column":null}},"12":{"start":{"line":23,"column":2},"end":{"line":34,"column":null}},"13":{"start":{"line":24,"column":4},"end":{"line":34,"column":null}},"14":{"start":{"line":26,"column":23},"end":{"line":26,"column":46}},"15":{"start":{"line":39,"column":2},"end":{"line":77,"column":null}},"16":{"start":{"line":42,"column":23},"end":{"line":42,"column":49}},"17":{"start":{"line":42,"column":46},"end":{"line":42,"column":49}},"18":{"start":{"line":74,"column":27},"end":{"line":74,"column":76}},"19":{"start":{"line":74,"column":53},"end":{"line":74,"column":75}}},"fnMap":{"0":{"name":"AuthButton","decl":{"start":{"line":6,"column":24},"end":{"line":6,"column":37}},"loc":{"start":{"line":6,"column":37},"end":{"line":77,"column":null}},"line":6},"1":{"name":"(anonymous_1)","decl":{"start":{"line":11,"column":2},"end":{"line":11,"column":18}},"loc":{"start":{"line":11,"column":18},"end":{"line":19,"column":7}},"line":11},"2":{"name":"(anonymous_2)","decl":{"start":{"line":12,"column":10},"end":{"line":12,"column":21}},"loc":{"start":{"line":12,"column":39},"end":{"line":14,"column":null}},"line":12},"3":{"name":"(anonymous_3)","decl":{"start":{"line":18,"column":4},"end":{"line":18,"column":17}},"loc":{"start":{"line":18,"column":17},"end":{"line":18,"column":67}},"line":18},"4":{"name":"(anonymous_4)","decl":{"start":{"line":26,"column":8},"end":{"line":26,"column":23}},"loc":{"start":{"line":26,"column":23},"end":{"line":26,"column":46}},"line":26},"5":{"name":"(anonymous_5)","decl":{"start":{"line":42,"column":8},"end":{"line":42,"column":23}},"loc":{"start":{"line":42,"column":23},"end":{"line":42,"column":49}},"line":42},"6":{"name":"(anonymous_6)","decl":{"start":{"line":42,"column":23},"end":{"line":42,"column":40}},"loc":{"start":{"line":42,"column":46},"end":{"line":42,"column":49}},"line":42},"7":{"name":"(anonymous_7)","decl":{"start":{"line":74,"column":12},"end":{"line":74,"column":27}},"loc":{"start":{"line":74,"column":27},"end":{"line":74,"column":76}},"line":74},"8":{"name":"(anonymous_8)","decl":{"start":{"line":74,"column":42},"end":{"line":74,"column":53}},"loc":{"start":{"line":74,"column":53},"end":{"line":74,"column":75}},"line":74}},"branchMap":{"0":{"loc":{"start":{"line":13,"column":6},"end":{"line":14,"column":null}},"type":"if","locations":[{"start":{"line":13,"column":6},"end":{"line":14,"column":null}},{"start":{},"end":{}}],"line":13},"1":{"loc":{"start":{"line":13,"column":10},"end":{"line":13,"column":82}},"type":"binary-expr","locations":[{"start":{"line":13,"column":10},"end":{"line":13,"column":34}},{"start":{"line":13,"column":34},"end":{"line":13,"column":82}}],"line":13},"2":{"loc":{"start":{"line":21,"column":2},"end":{"line":21,"column":null}},"type":"if","locations":[{"start":{"line":21,"column":2},"end":{"line":21,"column":null}},{"start":{},"end":{}}],"line":21},"3":{"loc":{"start":{"line":23,"column":2},"end":{"line":34,"column":null}},"type":"if","locations":[{"start":{"line":23,"column":2},"end":{"line":34,"column":null}},{"start":{},"end":{}}],"line":23},"4":{"loc":{"start":{"line":48,"column":9},"end":{"line":58,"column":null}},"type":"cond-expr","locations":[{"start":{"line":49,"column":10},"end":{"line":56,"column":11}},{"start":{"line":56,"column":10},"end":{"line":58,"column":null}}],"line":48},"5":{"loc":{"start":{"line":51,"column":17},"end":{"line":51,"column":null}},"type":"binary-expr","locations":[{"start":{"line":51,"column":17},"end":{"line":51,"column":37}},{"start":{"line":51,"column":37},"end":{"line":51,"column":null}}],"line":51},"6":{"loc":{"start":{"line":62,"column":7},"end":{"line":77,"column":null}},"type":"binary-expr","locations":[{"start":{"line":62,"column":7},"end":{"line":62,"column":null}},{"start":{"line":63,"column":8},"end":{"line":77,"column":null}}],"line":62}},"s":{"0":0,"1":0,"2":0,"3":0,"4":0,"5":0,"6":0,"7":0,"8":0,"9":0,"10":0,"11":0,"12":0,"13":0,"14":0,"15":0,"16":0,"17":0,"18":0,"19":0},"f":{"0":0,"1":0,"2":0,"3":0,"4":0,"5":0,"6":0,"7":0,"8":0},"b":{"0":[0,0],"1":[0,0],"2":[0,0],"3":[0,0],"4":[0,0],"5":[0,0],"6":[0,0]},"meta":{"lastBranch":7,"lastFunction":9,"lastStatement":20,"seen":{"f:6:24:6:37":0,"s:7:45:7:71":0,"s:8:23:8:57":1,"s:9:8:9:51":2,"s:11:2:19:Infinity":3,"f:11:2:11:18":1,"s:12:10:14:Infinity":4,"f:12:10:12:21":2,"b:13:6:14:Infinity:undefined:undefined:undefined:undefined":0,"s:13:6:14:Infinity":5,"b:13:10:13:34:13:34:13:82":1,"s:14:8:14:Infinity":6,"s:17:4:17:Infinity":7,"s:18:4:18:Infinity":8,"f:18:4:18:17":3,"s:18:17:18:67":9,"b:21:2:21:Infinity:undefined:undefined:undefined:undefined":2,"s:21:2:21:Infinity":10,"s:21:17:21:Infinity":11,"b:23:2:34:Infinity:undefined:undefined:undefined:undefined":3,"s:23:2:34:Infinity":12,"s:24:4:34:Infinity":13,"f:26:8:26:23":4,"s:26:23:26:46":14,"s:39:2:77:Infinity":15,"f:42:8:42:23":5,"s:42:23:42:49":16,"f:42:23:42:40":6,"s:42:46:42:49":17,"b:49:10:56:11:56:10:58:Infinity":4,"b:51:17:51:37:51:37:51:Infinity":5,"b:62:7:62:Infinity:63:8:77:Infinity":6,"f:74:12:74:27":7,"s:74:27:74:76":18,"f:74:42:74:53":8,"s:74:53:74:75":19}}}
,"C:\\Rahul\\ElectEd\\src\\components\\layout\\Footer.tsx": {"path":"C:\\Rahul\\ElectEd\\src\\components\\layout\\Footer.tsx","statementMap":{"0":{"start":{"line":3,"column":20},"end":{"line":10,"column":null}},"1":{"start":{"line":13,"column":15},"end":{"line":13,"column":39}},"2":{"start":{"line":15,"column":2},"end":{"line":58,"column":null}},"3":{"start":{"line":32,"column":16},"end":{"line":39,"column":null}}},"fnMap":{"0":{"name":"Footer","decl":{"start":{"line":12,"column":24},"end":{"line":12,"column":33}},"loc":{"start":{"line":12,"column":33},"end":{"line":58,"column":null}},"line":12},"1":{"name":"(anonymous_1)","decl":{"start":{"line":31,"column":27},"end":{"line":31,"column":32}},"loc":{"start":{"line":32,"column":16},"end":{"line":39,"column":null}},"line":32}},"branchMap":{},"s":{"0":0,"1":0,"2":0,"3":0},"f":{"0":0,"1":0},"b":{},"meta":{"lastBranch":0,"lastFunction":2,"lastStatement":4,"seen":{"s:3:20:10:Infinity":0,"f:12:24:12:33":0,"s:13:15:13:39":1,"s:15:2:58:Infinity":2,"f:31:27:31:32":1,"s:32:16:39:Infinity":3}}}
,"C:\\Rahul\\ElectEd\\src\\components\\layout\\Header.tsx": {"path":"C:\\Rahul\\ElectEd\\src\\components\\layout\\Header.tsx","statementMap":{"0":{"start":{"line":10,"column":21},"end":{"line":10,"column":53}},"1":{"start":{"line":12,"column":8},"end":{"line":16,"column":null}},"2":{"start":{"line":12,"column":26},"end":{"line":16,"column":null}},"3":{"start":{"line":19,"column":2},"end":{"line":119,"column":null}},"4":{"start":{"line":39,"column":37},"end":{"line":39,"column":52}},"5":{"start":{"line":40,"column":14},"end":{"line":57,"column":null}},"6":{"start":{"line":47,"column":18},"end":{"line":55,"column":null}},"7":{"start":{"line":71,"column":29},"end":{"line":71,"column":53}},"8":{"start":{"line":71,"column":50},"end":{"line":71,"column":53}},"9":{"start":{"line":96,"column":14},"end":{"line":111,"column":null}},"10":{"start":{"line":99,"column":31},"end":{"line":99,"column":51}},"11":{"start":{"line":100,"column":30},"end":{"line":105,"column":null}}},"fnMap":{"0":{"name":"Header","decl":{"start":{"line":9,"column":24},"end":{"line":9,"column":33}},"loc":{"start":{"line":9,"column":33},"end":{"line":119,"column":null}},"line":9},"1":{"name":"(anonymous_1)","decl":{"start":{"line":12,"column":8},"end":{"line":12,"column":24}},"loc":{"start":{"line":12,"column":26},"end":{"line":16,"column":null}},"line":12},"2":{"name":"(anonymous_2)","decl":{"start":{"line":39,"column":23},"end":{"line":39,"column":31}},"loc":{"start":{"line":39,"column":37},"end":{"line":39,"column":52}},"line":39},"3":{"name":"(anonymous_3)","decl":{"start":{"line":39,"column":53},"end":{"line":39,"column":58}},"loc":{"start":{"line":40,"column":14},"end":{"line":57,"column":null}},"line":40},"4":{"name":"(anonymous_4)","decl":{"start":{"line":46,"column":18},"end":{"line":46,"column":20}},"loc":{"start":{"line":47,"column":18},"end":{"line":55,"column":null}},"line":47},"5":{"name":"(anonymous_5)","decl":{"start":{"line":71,"column":14},"end":{"line":71,"column":29}},"loc":{"start":{"line":71,"column":29},"end":{"line":71,"column":53}},"line":71},"6":{"name":"(anonymous_6)","decl":{"start":{"line":71,"column":29},"end":{"line":71,"column":44}},"loc":{"start":{"line":71,"column":50},"end":{"line":71,"column":53}},"line":71},"7":{"name":"(anonymous_7)","decl":{"start":{"line":95,"column":23},"end":{"line":95,"column":28}},"loc":{"start":{"line":96,"column":14},"end":{"line":111,"column":null}},"line":96},"8":{"name":"(anonymous_8)","decl":{"start":{"line":99,"column":16},"end":{"line":99,"column":31}},"loc":{"start":{"line":99,"column":31},"end":{"line":99,"column":51}},"line":99},"9":{"name":"(anonymous_9)","decl":{"start":{"line":100,"column":16},"end":{"line":100,"column":28}},"loc":{"start":{"line":100,"column":30},"end":{"line":105,"column":null}},"line":100}},"branchMap":{"0":{"loc":{"start":{"line":16,"column":6},"end":{"line":16,"column":null}},"type":"cond-expr","locations":[{"start":{"line":16,"column":17},"end":{"line":16,"column":33}},{"start":{"line":16,"column":33},"end":{"line":16,"column":null}}],"line":16},"1":{"loc":{"start":{"line":49,"column":21},"end":{"line":55,"column":null}},"type":"binary-expr","locations":[{"start":{"line":49,"column":21},"end":{"line":49,"column":null}},{"start":{"line":50,"column":22},"end":{"line":55,"column":null}}],"line":49},"2":{"loc":{"start":{"line":73,"column":26},"end":{"line":73,"column":null}},"type":"cond-expr","locations":[{"start":{"line":73,"column":39},"end":{"line":73,"column":65}},{"start":{"line":73,"column":65},"end":{"line":73,"column":null}}],"line":73},"3":{"loc":{"start":{"line":77,"column":15},"end":{"line":80,"column":null}},"type":"cond-expr","locations":[{"start":{"line":78,"column":16},"end":{"line":80,"column":17}},{"start":{"line":80,"column":16},"end":{"line":80,"column":null}}],"line":77},"4":{"loc":{"start":{"line":88,"column":7},"end":{"line":119,"column":null}},"type":"binary-expr","locations":[{"start":{"line":88,"column":7},"end":{"line":88,"column":null}},{"start":{"line":89,"column":8},"end":{"line":119,"column":null}}],"line":88},"5":{"loc":{"start":{"line":103,"column":20},"end":{"line":105,"column":null}},"type":"cond-expr","locations":[{"start":{"line":104,"column":24},"end":{"line":104,"column":null}},{"start":{"line":105,"column":24},"end":{"line":105,"column":null}}],"line":103}},"s":{"0":0,"1":0,"2":0,"3":0,"4":0,"5":0,"6":0,"7":0,"8":0,"9":0,"10":0,"11":0},"f":{"0":0,"1":0,"2":0,"3":0,"4":0,"5":0,"6":0,"7":0,"8":0,"9":0},"b":{"0":[0,0],"1":[0,0],"2":[0,0],"3":[0,0],"4":[0,0],"5":[0,0]},"meta":{"lastBranch":6,"lastFunction":10,"lastStatement":12,"seen":{"f:9:24:9:33":0,"s:10:21:10:53":0,"s:12:8:16:Infinity":1,"f:12:8:12:24":1,"s:12:26:16:Infinity":2,"b:16:17:16:33:16:33:16:Infinity":0,"s:19:2:119:Infinity":3,"f:39:23:39:31":2,"s:39:37:39:52":4,"f:39:53:39:58":3,"s:40:14:57:Infinity":5,"f:46:18:46:20":4,"s:47:18:55:Infinity":6,"b:49:21:49:Infinity:50:22:55:Infinity":1,"f:71:14:71:29":5,"s:71:29:71:53":7,"f:71:29:71:44":6,"s:71:50:71:53":8,"b:73:39:73:65:73:65:73:Infinity":2,"b:78:16:80:17:80:16:80:Infinity":3,"b:88:7:88:Infinity:89:8:119:Infinity":4,"f:95:23:95:28":7,"s:96:14:111:Infinity":9,"f:99:16:99:31":8,"s:99:31:99:51":10,"f:100:16:100:28":9,"s:100:30:105:Infinity":11,"b:104:24:104:Infinity:105:24:105:Infinity":5}}}
,"C:\\Rahul\\ElectEd\\src\\components\\layout\\LanguageSelector.tsx": {"path":"C:\\Rahul\\ElectEd\\src\\components\\layout\\LanguageSelector.tsx","statementMap":{"0":{"start":{"line":6,"column":18},"end":{"line":14,"column":null}},"1":{"start":{"line":17,"column":10},"end":{"line":17,"column":35}},"2":{"start":{"line":18,"column":15},"end":{"line":18,"column":41}},"3":{"start":{"line":19,"column":8},"end":{"line":19,"column":51}},"4":{"start":{"line":21,"column":22},"end":{"line":21,"column":null}},"5":{"start":{"line":21,"column":44},"end":{"line":21,"column":69}},"6":{"start":{"line":23,"column":2},"end":{"line":31,"column":null}},"7":{"start":{"line":24,"column":10},"end":{"line":26,"column":null}},"8":{"start":{"line":25,"column":6},"end":{"line":26,"column":null}},"9":{"start":{"line":26,"column":8},"end":{"line":26,"column":null}},"10":{"start":{"line":29,"column":4},"end":{"line":29,"column":null}},"11":{"start":{"line":30,"column":4},"end":{"line":30,"column":null}},"12":{"start":{"line":30,"column":17},"end":{"line":30,"column":67}},"13":{"start":{"line":33,"column":8},"end":{"line":35,"column":null}},"14":{"start":{"line":34,"column":4},"end":{"line":34,"column":null}},"15":{"start":{"line":35,"column":4},"end":{"line":35,"column":null}},"16":{"start":{"line":38,"column":2},"end":{"line":77,"column":null}},"17":{"start":{"line":41,"column":23},"end":{"line":41,"column":41}},"18":{"start":{"line":41,"column":38},"end":{"line":41,"column":41}},"19":{"start":{"line":62,"column":12},"end":{"line":75,"column":null}},"20":{"start":{"line":64,"column":31},"end":{"line":64,"column":56}}},"fnMap":{"0":{"name":"LanguageSelector","decl":{"start":{"line":16,"column":24},"end":{"line":16,"column":43}},"loc":{"start":{"line":16,"column":43},"end":{"line":77,"column":null}},"line":16},"1":{"name":"(anonymous_1)","decl":{"start":{"line":21,"column":32},"end":{"line":21,"column":38}},"loc":{"start":{"line":21,"column":44},"end":{"line":21,"column":69}},"line":21},"2":{"name":"(anonymous_2)","decl":{"start":{"line":23,"column":2},"end":{"line":23,"column":18}},"loc":{"start":{"line":23,"column":18},"end":{"line":31,"column":7}},"line":23},"3":{"name":"(anonymous_3)","decl":{"start":{"line":24,"column":10},"end":{"line":24,"column":21}},"loc":{"start":{"line":24,"column":39},"end":{"line":26,"column":null}},"line":24},"4":{"name":"(anonymous_4)","decl":{"start":{"line":30,"column":4},"end":{"line":30,"column":17}},"loc":{"start":{"line":30,"column":17},"end":{"line":30,"column":67}},"line":30},"5":{"name":"(anonymous_5)","decl":{"start":{"line":33,"column":8},"end":{"line":33,"column":26}},"loc":{"start":{"line":33,"column":43},"end":{"line":35,"column":null}},"line":33},"6":{"name":"(anonymous_6)","decl":{"start":{"line":41,"column":8},"end":{"line":41,"column":23}},"loc":{"start":{"line":41,"column":23},"end":{"line":41,"column":41}},"line":41},"7":{"name":"(anonymous_7)","decl":{"start":{"line":41,"column":23},"end":{"line":41,"column":32}},"loc":{"start":{"line":41,"column":38},"end":{"line":41,"column":41}},"line":41},"8":{"name":"(anonymous_8)","decl":{"start":{"line":61,"column":21},"end":{"line":61,"column":26}},"loc":{"start":{"line":62,"column":12},"end":{"line":75,"column":null}},"line":62},"9":{"name":"(anonymous_9)","decl":{"start":{"line":64,"column":16},"end":{"line":64,"column":31}},"loc":{"start":{"line":64,"column":31},"end":{"line":64,"column":56}},"line":64}},"branchMap":{"0":{"loc":{"start":{"line":21,"column":22},"end":{"line":21,"column":null}},"type":"binary-expr","locations":[{"start":{"line":21,"column":22},"end":{"line":21,"column":69}},{"start":{"line":21,"column":73},"end":{"line":21,"column":null}}],"line":21},"1":{"loc":{"start":{"line":25,"column":6},"end":{"line":26,"column":null}},"type":"if","locations":[{"start":{"line":25,"column":6},"end":{"line":26,"column":null}},{"start":{},"end":{}}],"line":25},"2":{"loc":{"start":{"line":25,"column":10},"end":{"line":25,"column":82}},"type":"binary-expr","locations":[{"start":{"line":25,"column":10},"end":{"line":25,"column":34}},{"start":{"line":25,"column":34},"end":{"line":25,"column":82}}],"line":25},"3":{"loc":{"start":{"line":55,"column":7},"end":{"line":77,"column":null}},"type":"binary-expr","locations":[{"start":{"line":55,"column":7},"end":{"line":55,"column":null}},{"start":{"line":56,"column":8},"end":{"line":77,"column":null}}],"line":55},"4":{"loc":{"start":{"line":67,"column":18},"end":{"line":69,"column":null}},"type":"cond-expr","locations":[{"start":{"line":68,"column":22},"end":{"line":68,"column":null}},{"start":{"line":69,"column":22},"end":{"line":69,"column":null}}],"line":67}},"s":{"0":0,"1":0,"2":0,"3":0,"4":0,"5":0,"6":0,"7":0,"8":0,"9":0,"10":0,"11":0,"12":0,"13":0,"14":0,"15":0,"16":0,"17":0,"18":0,"19":0,"20":0},"f":{"0":0,"1":0,"2":0,"3":0,"4":0,"5":0,"6":0,"7":0,"8":0,"9":0},"b":{"0":[0,0],"1":[0,0],"2":[0,0],"3":[0,0],"4":[0,0]},"meta":{"lastBranch":5,"lastFunction":10,"lastStatement":21,"seen":{"s:6:18:14:Infinity":0,"f:16:24:16:43":0,"s:17:10:17:35":1,"s:18:15:18:41":2,"s:19:8:19:51":3,"s:21:22:21:Infinity":4,"b:21:22:21:69:21:73:21:Infinity":0,"f:21:32:21:38":1,"s:21:44:21:69":5,"s:23:2:31:Infinity":6,"f:23:2:23:18":2,"s:24:10:26:Infinity":7,"f:24:10:24:21":3,"b:25:6:26:Infinity:undefined:undefined:undefined:undefined":1,"s:25:6:26:Infinity":8,"b:25:10:25:34:25:34:25:82":2,"s:26:8:26:Infinity":9,"s:29:4:29:Infinity":10,"s:30:4:30:Infinity":11,"f:30:4:30:17":4,"s:30:17:30:67":12,"s:33:8:35:Infinity":13,"f:33:8:33:26":5,"s:34:4:34:Infinity":14,"s:35:4:35:Infinity":15,"s:38:2:77:Infinity":16,"f:41:8:41:23":6,"s:41:23:41:41":17,"f:41:23:41:32":7,"s:41:38:41:41":18,"b:55:7:55:Infinity:56:8:77:Infinity":3,"f:61:21:61:26":8,"s:62:12:75:Infinity":19,"f:64:16:64:31":9,"s:64:31:64:56":20,"b:68:22:68:Infinity:69:22:69:Infinity":4}}}
,"C:\\Rahul\\ElectEd\\src\\components\\layout\\RootLayout.tsx": {"path":"C:\\Rahul\\ElectEd\\src\\components\\layout\\RootLayout.tsx","statementMap":{"0":{"start":{"line":12,"column":8},"end":{"line":12,"column":32}},"1":{"start":{"line":13,"column":10},"end":{"line":13,"column":39}},"2":{"start":{"line":15,"column":2},"end":{"line":20,"column":null}},"3":{"start":{"line":16,"column":4},"end":{"line":19,"column":null}},"4":{"start":{"line":22,"column":2},"end":{"line":22,"column":null}},"5":{"start":{"line":26,"column":2},"end":{"line":26,"column":null}},"6":{"start":{"line":27,"column":10},"end":{"line":27,"column":40}},"7":{"start":{"line":29,"column":2},"end":{"line":52,"column":null}}},"fnMap":{"0":{"name":"PageViewTracker","decl":{"start":{"line":11,"column":9},"end":{"line":11,"column":27}},"loc":{"start":{"line":11,"column":27},"end":{"line":22,"column":null}},"line":11},"1":{"name":"(anonymous_1)","decl":{"start":{"line":15,"column":2},"end":{"line":15,"column":18}},"loc":{"start":{"line":15,"column":18},"end":{"line":20,"column":6}},"line":15},"2":{"name":"RootLayout","decl":{"start":{"line":25,"column":24},"end":{"line":25,"column":37}},"loc":{"start":{"line":25,"column":37},"end":{"line":52,"column":null}},"line":25}},"branchMap":{},"s":{"0":0,"1":0,"2":0,"3":0,"4":0,"5":0,"6":0,"7":0},"f":{"0":0,"1":0,"2":0},"b":{},"meta":{"lastBranch":0,"lastFunction":3,"lastStatement":8,"seen":{"f:11:9:11:27":0,"s:12:8:12:32":0,"s:13:10:13:39":1,"s:15:2:20:Infinity":2,"f:15:2:15:18":1,"s:16:4:19:Infinity":3,"s:22:2:22:Infinity":4,"f:25:24:25:37":2,"s:26:2:26:Infinity":5,"s:27:10:27:40":6,"s:29:2:52:Infinity":7}}}
,"C:\\Rahul\\ElectEd\\src\\components\\layout\\SkipNav.tsx": {"path":"C:\\Rahul\\ElectEd\\src\\components\\layout\\SkipNav.tsx","statementMap":{"0":{"start":{"line":2,"column":2},"end":{"line":5,"column":null}}},"fnMap":{"0":{"name":"SkipNav","decl":{"start":{"line":1,"column":24},"end":{"line":1,"column":34}},"loc":{"start":{"line":1,"column":34},"end":{"line":5,"column":null}},"line":1}},"branchMap":{},"s":{"0":0},"f":{"0":0},"b":{},"meta":{"lastBranch":0,"lastFunction":1,"lastStatement":1,"seen":{"f:1:24:1:34":0,"s:2:2:5:Infinity":0}}}
,"C:\\Rahul\\ElectEd\\src\\components\\pwa\\InstallPrompt.tsx": {"path":"C:\\Rahul\\ElectEd\\src\\components\\pwa\\InstallPrompt.tsx","statementMap":{"0":{"start":{"line":11,"column":10},"end":{"line":11,"column":32}},"1":{"start":{"line":12,"column":25},"end":{"line":12,"column":93}},"2":{"start":{"line":13,"column":20},"end":{"line":14,"column":null}},"3":{"start":{"line":14,"column":10},"end":{"line":14,"column":null}},"4":{"start":{"line":17,"column":2},"end":{"line":24,"column":null}},"5":{"start":{"line":18,"column":10},"end":{"line":20,"column":null}},"6":{"start":{"line":19,"column":6},"end":{"line":19,"column":null}},"7":{"start":{"line":20,"column":6},"end":{"line":20,"column":null}},"8":{"start":{"line":22,"column":4},"end":{"line":22,"column":null}},"9":{"start":{"line":23,"column":4},"end":{"line":23,"column":null}},"10":{"start":{"line":23,"column":17},"end":{"line":23,"column":75}},"11":{"start":{"line":26,"column":24},"end":{"line":31,"column":null}},"12":{"start":{"line":27,"column":4},"end":{"line":27,"column":null}},"13":{"start":{"line":27,"column":25},"end":{"line":27,"column":null}},"14":{"start":{"line":28,"column":4},"end":{"line":28,"column":null}},"15":{"start":{"line":29,"column":24},"end":{"line":29,"column":null}},"16":{"start":{"line":30,"column":4},"end":{"line":31,"column":null}},"17":{"start":{"line":31,"column":6},"end":{"line":31,"column":null}},"18":{"start":{"line":35,"column":8},"end":{"line":37,"column":null}},"19":{"start":{"line":36,"column":4},"end":{"line":36,"column":null}},"20":{"start":{"line":37,"column":4},"end":{"line":37,"column":null}},"21":{"start":{"line":40,"column":2},"end":{"line":40,"column":null}},"22":{"start":{"line":40,"column":36},"end":{"line":40,"column":null}},"23":{"start":{"line":42,"column":2},"end":{"line":71,"column":null}},"24":{"start":{"line":60,"column":25},"end":{"line":60,"column":45}}},"fnMap":{"0":{"name":"InstallPrompt","decl":{"start":{"line":10,"column":24},"end":{"line":10,"column":40}},"loc":{"start":{"line":10,"column":40},"end":{"line":71,"column":null}},"line":10},"1":{"name":"(anonymous_1)","decl":{"start":{"line":13,"column":36},"end":{"line":13,"column":null}},"loc":{"start":{"line":14,"column":10},"end":{"line":14,"column":null}},"line":14},"2":{"name":"(anonymous_2)","decl":{"start":{"line":17,"column":2},"end":{"line":17,"column":18}},"loc":{"start":{"line":17,"column":18},"end":{"line":24,"column":7}},"line":17},"3":{"name":"(anonymous_3)","decl":{"start":{"line":18,"column":10},"end":{"line":18,"column":21}},"loc":{"start":{"line":18,"column":34},"end":{"line":20,"column":null}},"line":18},"4":{"name":"(anonymous_4)","decl":{"start":{"line":23,"column":4},"end":{"line":23,"column":17}},"loc":{"start":{"line":23,"column":17},"end":{"line":23,"column":75}},"line":23},"5":{"name":"(anonymous_5)","decl":{"start":{"line":26,"column":24},"end":{"line":26,"column":36}},"loc":{"start":{"line":26,"column":36},"end":{"line":31,"column":null}},"line":26},"6":{"name":"(anonymous_6)","decl":{"start":{"line":35,"column":8},"end":{"line":35,"column":30}},"loc":{"start":{"line":35,"column":30},"end":{"line":37,"column":null}},"line":35},"7":{"name":"(anonymous_7)","decl":{"start":{"line":60,"column":10},"end":{"line":60,"column":25}},"loc":{"start":{"line":60,"column":25},"end":{"line":60,"column":45}},"line":60}},"branchMap":{"0":{"loc":{"start":{"line":27,"column":4},"end":{"line":27,"column":null}},"type":"if","locations":[{"start":{"line":27,"column":4},"end":{"line":27,"column":null}},{"start":{},"end":{}}],"line":27},"1":{"loc":{"start":{"line":30,"column":4},"end":{"line":31,"column":null}},"type":"if","locations":[{"start":{"line":30,"column":4},"end":{"line":31,"column":null}},{"start":{},"end":{}}],"line":30},"2":{"loc":{"start":{"line":40,"column":2},"end":{"line":40,"column":null}},"type":"if","locations":[{"start":{"line":40,"column":2},"end":{"line":40,"column":null}},{"start":{},"end":{}}],"line":40},"3":{"loc":{"start":{"line":40,"column":6},"end":{"line":40,"column":36}},"type":"binary-expr","locations":[{"start":{"line":40,"column":6},"end":{"line":40,"column":25}},{"start":{"line":40,"column":25},"end":{"line":40,"column":36}}],"line":40}},"s":{"0":0,"1":0,"2":0,"3":0,"4":0,"5":0,"6":0,"7":0,"8":0,"9":0,"10":0,"11":0,"12":0,"13":0,"14":0,"15":0,"16":0,"17":0,"18":0,"19":0,"20":0,"21":0,"22":0,"23":0,"24":0},"f":{"0":0,"1":0,"2":0,"3":0,"4":0,"5":0,"6":0,"7":0},"b":{"0":[0,0],"1":[0,0],"2":[0,0],"3":[0,0]},"meta":{"lastBranch":4,"lastFunction":8,"lastStatement":25,"seen":{"f:10:24:10:40":0,"s:11:10:11:32":0,"s:12:25:12:93":1,"s:13:20:14:Infinity":2,"f:13:36:13:Infinity":1,"s:14:10:14:Infinity":3,"s:17:2:24:Infinity":4,"f:17:2:17:18":2,"s:18:10:20:Infinity":5,"f:18:10:18:21":3,"s:19:6:19:Infinity":6,"s:20:6:20:Infinity":7,"s:22:4:22:Infinity":8,"s:23:4:23:Infinity":9,"f:23:4:23:17":4,"s:23:17:23:75":10,"s:26:24:31:Infinity":11,"f:26:24:26:36":5,"b:27:4:27:Infinity:undefined:undefined:undefined:undefined":0,"s:27:4:27:Infinity":12,"s:27:25:27:Infinity":13,"s:28:4:28:Infinity":14,"s:29:24:29:Infinity":15,"b:30:4:31:Infinity:undefined:undefined:undefined:undefined":1,"s:30:4:31:Infinity":16,"s:31:6:31:Infinity":17,"s:35:8:37:Infinity":18,"f:35:8:35:30":6,"s:36:4:36:Infinity":19,"s:37:4:37:Infinity":20,"b:40:2:40:Infinity:undefined:undefined:undefined:undefined":2,"s:40:2:40:Infinity":21,"b:40:6:40:25:40:25:40:36":3,"s:40:36:40:Infinity":22,"s:42:2:71:Infinity":23,"f:60:10:60:25":7,"s:60:25:60:45":24}}}
,"C:\\Rahul\\ElectEd\\src\\components\\ui\\Badge.tsx": {"path":"C:\\Rahul\\ElectEd\\src\\components\\ui\\Badge.tsx","statementMap":{"0":{"start":{"line":11,"column":49},"end":{"line":18,"column":null}},"1":{"start":{"line":21,"column":2},"end":{"line":31,"column":null}}},"fnMap":{"0":{"name":"Badge","decl":{"start":{"line":20,"column":24},"end":{"line":20,"column":30}},"loc":{"start":{"line":20,"column":95},"end":{"line":31,"column":null}},"line":20}},"branchMap":{"0":{"loc":{"start":{"line":20,"column":42},"end":{"line":20,"column":60}},"type":"default-arg","locations":[{"start":{"line":20,"column":52},"end":{"line":20,"column":60}}],"line":20}},"s":{"0":0,"1":0},"f":{"0":0},"b":{"0":[0]},"meta":{"lastBranch":1,"lastFunction":1,"lastStatement":2,"seen":{"s:11:49:18:Infinity":0,"f:20:24:20:30":0,"b:20:52:20:60":0,"s:21:2:31:Infinity":1}}}
,"C:\\Rahul\\ElectEd\\src\\components\\ui\\Button.tsx": {"path":"C:\\Rahul\\ElectEd\\src\\components\\ui\\Button.tsx","statementMap":{"0":{"start":{"line":16,"column":48},"end":{"line":23,"column":null}},"1":{"start":{"line":25,"column":42},"end":{"line":29,"column":null}},"2":{"start":{"line":31,"column":6},"end":{"line":71,"column":null}},"3":{"start":{"line":46,"column":4},"end":{"line":67,"column":null}},"4":{"start":{"line":73,"column":0},"end":{"line":73,"column":null}}},"fnMap":{"0":{"name":"(anonymous_0)","decl":{"start":{"line":31,"column":15},"end":{"line":31,"column":null}},"loc":{"start":{"line":45,"column":7},"end":{"line":71,"column":null}},"line":45}},"branchMap":{"0":{"loc":{"start":{"line":34,"column":6},"end":{"line":34,"column":null}},"type":"default-arg","locations":[{"start":{"line":34,"column":16},"end":{"line":34,"column":null}}],"line":34},"1":{"loc":{"start":{"line":35,"column":6},"end":{"line":35,"column":null}},"type":"default-arg","locations":[{"start":{"line":35,"column":13},"end":{"line":35,"column":null}}],"line":35},"2":{"loc":{"start":{"line":49,"column":18},"end":{"line":49,"column":null}},"type":"binary-expr","locations":[{"start":{"line":49,"column":18},"end":{"line":49,"column":30}},{"start":{"line":49,"column":30},"end":{"line":49,"column":null}}],"line":49},"3":{"loc":{"start":{"line":61,"column":9},"end":{"line":65,"column":null}},"type":"cond-expr","locations":[{"start":{"line":62,"column":10},"end":{"line":63,"column":null}},{"start":{"line":63,"column":12},"end":{"line":65,"column":null}}],"line":61},"4":{"loc":{"start":{"line":63,"column":12},"end":{"line":65,"column":null}},"type":"cond-expr","locations":[{"start":{"line":64,"column":10},"end":{"line":65,"column":null}},{"start":{"line":65,"column":12},"end":{"line":65,"column":null}}],"line":63},"5":{"loc":{"start":{"line":67,"column":9},"end":{"line":67,"column":null}},"type":"binary-expr","locations":[{"start":{"line":67,"column":9},"end":{"line":67,"column":21}},{"start":{"line":67,"column":21},"end":{"line":67,"column":34}},{"start":{"line":67,"column":34},"end":{"line":67,"column":null}}],"line":67}},"s":{"0":0,"1":0,"2":0,"3":0,"4":0},"f":{"0":0},"b":{"0":[0],"1":[0],"2":[0,0],"3":[0,0],"4":[0,0],"5":[0,0,0]},"meta":{"lastBranch":6,"lastFunction":1,"lastStatement":5,"seen":{"s:16:48:23:Infinity":0,"s:25:42:29:Infinity":1,"s:31:6:71:Infinity":2,"f:31:15:31:Infinity":0,"b:34:16:34:Infinity":0,"b:35:13:35:Infinity":1,"s:46:4:67:Infinity":3,"b:49:18:49:30:49:30:49:Infinity":2,"b:62:10:63:Infinity:63:12:65:Infinity":3,"b:64:10:65:Infinity:65:12:65:Infinity":4,"b:67:9:67:21:67:21:67:34:67:34:67:Infinity":5,"s:73:0:73:Infinity":4}}}
,"C:\\Rahul\\ElectEd\\src\\components\\ui\\Card.tsx": {"path":"C:\\Rahul\\ElectEd\\src\\components\\ui\\Card.tsx","statementMap":{"0":{"start":{"line":19,"column":2},"end":{"line":31,"column":null}},"1":{"start":{"line":36,"column":2},"end":{"line":36,"column":null}},"2":{"start":{"line":40,"column":2},"end":{"line":40,"column":null}},"3":{"start":{"line":44,"column":2},"end":{"line":47,"column":null}}},"fnMap":{"0":{"name":"Card","decl":{"start":{"line":12,"column":24},"end":{"line":12,"column":29}},"loc":{"start":{"line":18,"column":14},"end":{"line":31,"column":null}},"line":18},"1":{"name":"CardHeader","decl":{"start":{"line":35,"column":16},"end":{"line":35,"column":27}},"loc":{"start":{"line":35,"column":97},"end":{"line":36,"column":null}},"line":35},"2":{"name":"CardBody","decl":{"start":{"line":39,"column":16},"end":{"line":39,"column":25}},"loc":{"start":{"line":39,"column":95},"end":{"line":40,"column":null}},"line":39},"3":{"name":"CardFooter","decl":{"start":{"line":43,"column":16},"end":{"line":43,"column":27}},"loc":{"start":{"line":43,"column":97},"end":{"line":47,"column":null}},"line":43}},"branchMap":{"0":{"loc":{"start":{"line":15,"column":2},"end":{"line":15,"column":null}},"type":"default-arg","locations":[{"start":{"line":15,"column":10},"end":{"line":15,"column":null}}],"line":15},"1":{"loc":{"start":{"line":16,"column":6},"end":{"line":16,"column":null}},"type":"default-arg","locations":[{"start":{"line":16,"column":12},"end":{"line":16,"column":null}}],"line":16},"2":{"loc":{"start":{"line":25,"column":8},"end":{"line":26,"column":null}},"type":"binary-expr","locations":[{"start":{"line":25,"column":8},"end":{"line":25,"column":null}},{"start":{"line":26,"column":10},"end":{"line":26,"column":null}}],"line":25}},"s":{"0":0,"1":0,"2":0,"3":0},"f":{"0":0,"1":0,"2":0,"3":0},"b":{"0":[0],"1":[0],"2":[0,0]},"meta":{"lastBranch":3,"lastFunction":4,"lastStatement":4,"seen":{"f:12:24:12:29":0,"b:15:10:15:Infinity":0,"b:16:12:16:Infinity":1,"s:19:2:31:Infinity":0,"b:25:8:25:Infinity:26:10:26:Infinity":2,"f:35:16:35:27":1,"s:36:2:36:Infinity":1,"f:39:16:39:25":2,"s:40:2:40:Infinity":2,"f:43:16:43:27":3,"s:44:2:47:Infinity":3}}}
,"C:\\Rahul\\ElectEd\\src\\components\\ui\\Spinner.tsx": {"path":"C:\\Rahul\\ElectEd\\src\\components\\ui\\Spinner.tsx","statementMap":{"0":{"start":{"line":6,"column":16},"end":{"line":10,"column":null}},"1":{"start":{"line":13,"column":2},"end":{"line":18,"column":null}}},"fnMap":{"0":{"name":"Spinner","decl":{"start":{"line":12,"column":24},"end":{"line":12,"column":32}},"loc":{"start":{"line":12,"column":79},"end":{"line":18,"column":null}},"line":12}},"branchMap":{"0":{"loc":{"start":{"line":12,"column":34},"end":{"line":12,"column":47}},"type":"default-arg","locations":[{"start":{"line":12,"column":41},"end":{"line":12,"column":47}}],"line":12},"1":{"loc":{"start":{"line":12,"column":47},"end":{"line":12,"column":79}},"type":"default-arg","locations":[{"start":{"line":12,"column":59},"end":{"line":12,"column":79}}],"line":12}},"s":{"0":0,"1":0},"f":{"0":0},"b":{"0":[0],"1":[0]},"meta":{"lastBranch":2,"lastFunction":1,"lastStatement":2,"seen":{"s:6:16:10:Infinity":0,"f:12:24:12:32":0,"b:12:41:12:47":0,"b:12:59:12:79":1,"s:13:2:18:Infinity":1}}}
,"C:\\Rahul\\ElectEd\\src\\features\\chat\\ChatInput.tsx": {"path":"C:\\Rahul\\ElectEd\\src\\features\\chat\\ChatInput.tsx","statementMap":{"0":{"start":{"line":7,"column":8},"end":{"line":7,"column":55}},"1":{"start":{"line":8,"column":50},"end":{"line":8,"column":78}},"2":{"start":{"line":10,"column":21},"end":{"line":15,"column":null}},"3":{"start":{"line":11,"column":20},"end":{"line":11,"column":37}},"4":{"start":{"line":12,"column":4},"end":{"line":12,"column":null}},"5":{"start":{"line":12,"column":31},"end":{"line":12,"column":null}},"6":{"start":{"line":14,"column":4},"end":{"line":14,"column":null}},"7":{"start":{"line":15,"column":4},"end":{"line":15,"column":null}},"8":{"start":{"line":18,"column":24},"end":{"line":21,"column":null}},"9":{"start":{"line":19,"column":4},"end":{"line":21,"column":null}},"10":{"start":{"line":20,"column":6},"end":{"line":20,"column":null}},"11":{"start":{"line":21,"column":6},"end":{"line":21,"column":null}},"12":{"start":{"line":25,"column":2},"end":{"line":66,"column":null}},"13":{"start":{"line":35,"column":31},"end":{"line":35,"column":64}},"14":{"start":{"line":46,"column":28},"end":{"line":46,"column":null}},"15":{"start":{"line":47,"column":12},"end":{"line":47,"column":null}},"16":{"start":{"line":48,"column":12},"end":{"line":48,"column":null}}},"fnMap":{"0":{"name":"ChatInput","decl":{"start":{"line":6,"column":24},"end":{"line":6,"column":36}},"loc":{"start":{"line":6,"column":36},"end":{"line":66,"column":null}},"line":6},"1":{"name":"(anonymous_1)","decl":{"start":{"line":10,"column":21},"end":{"line":10,"column":33}},"loc":{"start":{"line":10,"column":33},"end":{"line":15,"column":null}},"line":10},"2":{"name":"(anonymous_2)","decl":{"start":{"line":18,"column":24},"end":{"line":18,"column":31}},"loc":{"start":{"line":18,"column":77},"end":{"line":21,"column":null}},"line":18},"3":{"name":"(anonymous_3)","decl":{"start":{"line":35,"column":10},"end":{"line":35,"column":21}},"loc":{"start":{"line":35,"column":31},"end":{"line":35,"column":64}},"line":35},"4":{"name":"(anonymous_4)","decl":{"start":{"line":45,"column":10},"end":{"line":45,"column":20}},"loc":{"start":{"line":45,"column":30},"end":{"line":48,"column":null}},"line":45}},"branchMap":{"0":{"loc":{"start":{"line":12,"column":4},"end":{"line":12,"column":null}},"type":"if","locations":[{"start":{"line":12,"column":4},"end":{"line":12,"column":null}},{"start":{},"end":{}}],"line":12},"1":{"loc":{"start":{"line":12,"column":8},"end":{"line":12,"column":31}},"type":"binary-expr","locations":[{"start":{"line":12,"column":8},"end":{"line":12,"column":20}},{"start":{"line":12,"column":20},"end":{"line":12,"column":31}}],"line":12},"2":{"loc":{"start":{"line":19,"column":4},"end":{"line":21,"column":null}},"type":"if","locations":[{"start":{"line":19,"column":4},"end":{"line":21,"column":null}},{"start":{},"end":{}}],"line":19},"3":{"loc":{"start":{"line":19,"column":8},"end":{"line":19,"column":50}},"type":"binary-expr","locations":[{"start":{"line":19,"column":8},"end":{"line":19,"column":33}},{"start":{"line":19,"column":33},"end":{"line":19,"column":50}}],"line":19},"4":{"loc":{"start":{"line":56,"column":18},"end":{"line":56,"column":null}},"type":"binary-expr","locations":[{"start":{"line":56,"column":18},"end":{"line":56,"column":36}},{"start":{"line":56,"column":40},"end":{"line":56,"column":null}}],"line":56},"5":{"loc":{"start":{"line":60,"column":10},"end":{"line":62,"column":null}},"type":"cond-expr","locations":[{"start":{"line":61,"column":14},"end":{"line":61,"column":null}},{"start":{"line":62,"column":14},"end":{"line":62,"column":null}}],"line":60},"6":{"loc":{"start":{"line":60,"column":10},"end":{"line":60,"column":null}},"type":"binary-expr","locations":[{"start":{"line":60,"column":10},"end":{"line":60,"column":27}},{"start":{"line":60,"column":31},"end":{"line":60,"column":null}}],"line":60}},"s":{"0":0,"1":0,"2":0,"3":0,"4":0,"5":0,"6":0,"7":0,"8":0,"9":0,"10":0,"11":0,"12":0,"13":0,"14":0,"15":0,"16":0},"f":{"0":0,"1":0,"2":0,"3":0,"4":0},"b":{"0":[0,0],"1":[0,0],"2":[0,0],"3":[0,0],"4":[0,0],"5":[0,0],"6":[0,0]},"meta":{"lastBranch":7,"lastFunction":5,"lastStatement":17,"seen":{"f:6:24:6:36":0,"s:7:8:7:55":0,"s:8:50:8:78":1,"s:10:21:15:Infinity":2,"f:10:21:10:33":1,"s:11:20:11:37":3,"b:12:4:12:Infinity:undefined:undefined:undefined:undefined":0,"s:12:4:12:Infinity":4,"b:12:8:12:20:12:20:12:31":1,"s:12:31:12:Infinity":5,"s:14:4:14:Infinity":6,"s:15:4:15:Infinity":7,"s:18:24:21:Infinity":8,"f:18:24:18:31":2,"b:19:4:21:Infinity:undefined:undefined:undefined:undefined":2,"s:19:4:21:Infinity":9,"b:19:8:19:33:19:33:19:50":3,"s:20:6:20:Infinity":10,"s:21:6:21:Infinity":11,"s:25:2:66:Infinity":12,"f:35:10:35:21":3,"s:35:31:35:64":13,"f:45:10:45:20":4,"s:46:28:46:Infinity":14,"s:47:12:47:Infinity":15,"s:48:12:48:Infinity":16,"b:56:18:56:36:56:40:56:Infinity":4,"b:61:14:61:Infinity:62:14:62:Infinity":5,"b:60:10:60:27:60:31:60:Infinity":6}}}
,"C:\\Rahul\\ElectEd\\src\\features\\chat\\ChatMessage.tsx": {"path":"C:\\Rahul\\ElectEd\\src\\features\\chat\\ChatMessage.tsx","statementMap":{"0":{"start":{"line":11,"column":17},"end":{"line":11,"column":null}},"1":{"start":{"line":12,"column":17},"end":{"line":12,"column":45}},"2":{"start":{"line":14,"column":26},"end":{"line":22,"column":null}},"3":{"start":{"line":15,"column":4},"end":{"line":15,"column":null}},"4":{"start":{"line":15,"column":16},"end":{"line":15,"column":null}},"5":{"start":{"line":17,"column":4},"end":{"line":22,"column":null}},"6":{"start":{"line":18,"column":6},"end":{"line":18,"column":null}},"7":{"start":{"line":19,"column":6},"end":{"line":19,"column":null}},"8":{"start":{"line":20,"column":6},"end":{"line":20,"column":null}},"9":{"start":{"line":20,"column":30},"end":{"line":20,"column":46}},"10":{"start":{"line":22,"column":6},"end":{"line":22,"column":null}},"11":{"start":{"line":26,"column":2},"end":{"line":76,"column":null}}},"fnMap":{"0":{"name":"ChatMessage","decl":{"start":{"line":10,"column":24},"end":{"line":10,"column":36}},"loc":{"start":{"line":10,"column":56},"end":{"line":76,"column":null}},"line":10},"1":{"name":"(anonymous_1)","decl":{"start":{"line":14,"column":26},"end":{"line":14,"column":38}},"loc":{"start":{"line":14,"column":38},"end":{"line":22,"column":null}},"line":14},"2":{"name":"(anonymous_2)","decl":{"start":{"line":20,"column":13},"end":{"line":20,"column":30}},"loc":{"start":{"line":20,"column":30},"end":{"line":20,"column":46}},"line":20}},"branchMap":{"0":{"loc":{"start":{"line":15,"column":4},"end":{"line":15,"column":null}},"type":"if","locations":[{"start":{"line":15,"column":4},"end":{"line":15,"column":null}},{"start":{},"end":{}}],"line":15},"1":{"loc":{"start":{"line":28,"column":34},"end":{"line":28,"column":75}},"type":"cond-expr","locations":[{"start":{"line":28,"column":43},"end":{"line":28,"column":59}},{"start":{"line":28,"column":59},"end":{"line":28,"column":75}}],"line":28},"2":{"loc":{"start":{"line":30,"column":21},"end":{"line":30,"column":75}},"type":"cond-expr","locations":[{"start":{"line":30,"column":30},"end":{"line":30,"column":47}},{"start":{"line":30,"column":47},"end":{"line":30,"column":75}}],"line":30},"3":{"loc":{"start":{"line":34,"column":7},"end":{"line":43,"column":7}},"type":"binary-expr","locations":[{"start":{"line":34,"column":7},"end":{"line":34,"column":null}},{"start":{"line":35,"column":8},"end":{"line":43,"column":7}}],"line":34},"4":{"loc":{"start":{"line":43,"column":60},"end":{"line":43,"column":97}},"type":"cond-expr","locations":[{"start":{"line":43,"column":69},"end":{"line":43,"column":83}},{"start":{"line":43,"column":83},"end":{"line":43,"column":97}}],"line":43},"5":{"loc":{"start":{"line":47,"column":12},"end":{"line":49,"column":null}},"type":"cond-expr","locations":[{"start":{"line":48,"column":16},"end":{"line":48,"column":null}},{"start":{"line":49,"column":16},"end":{"line":49,"column":null}}],"line":47},"6":{"loc":{"start":{"line":64,"column":11},"end":{"line":76,"column":null}},"type":"binary-expr","locations":[{"start":{"line":64,"column":11},"end":{"line":64,"column":null}},{"start":{"line":65,"column":12},"end":{"line":76,"column":null}}],"line":64},"7":{"loc":{"start":{"line":71,"column":15},"end":{"line":76,"column":24}},"type":"cond-expr","locations":[{"start":{"line":72,"column":16},"end":{"line":74,"column":17}},{"start":{"line":74,"column":16},"end":{"line":76,"column":24}}],"line":71},"8":{"loc":{"start":{"line":76,"column":15},"end":{"line":76,"column":null}},"type":"cond-expr","locations":[{"start":{"line":76,"column":24},"end":{"line":76,"column":35}},{"start":{"line":76,"column":35},"end":{"line":76,"column":null}}],"line":76}},"s":{"0":9,"1":9,"2":9,"3":0,"4":0,"5":0,"6":0,"7":0,"8":0,"9":0,"10":0,"11":9},"f":{"0":9,"1":0,"2":0},"b":{"0":[0,0],"1":[3,6],"2":[3,6],"3":[9,6],"4":[3,6],"5":[3,6],"6":[9,6],"7":[0,6],"8":[0,6]},"meta":{"lastBranch":9,"lastFunction":3,"lastStatement":12,"seen":{"f:10:24:10:36":0,"s:11:17:11:Infinity":0,"s:12:17:12:45":1,"s:14:26:22:Infinity":2,"f:14:26:14:38":1,"b:15:4:15:Infinity:undefined:undefined:undefined:undefined":0,"s:15:4:15:Infinity":3,"s:15:16:15:Infinity":4,"s:17:4:22:Infinity":5,"s:18:6:18:Infinity":6,"s:19:6:19:Infinity":7,"s:20:6:20:Infinity":8,"f:20:13:20:30":2,"s:20:30:20:46":9,"s:22:6:22:Infinity":10,"s:26:2:76:Infinity":11,"b:28:43:28:59:28:59:28:75":1,"b:30:30:30:47:30:47:30:75":2,"b:34:7:34:Infinity:35:8:43:7":3,"b:43:69:43:83:43:83:43:97":4,"b:48:16:48:Infinity:49:16:49:Infinity":5,"b:64:11:64:Infinity:65:12:76:Infinity":6,"b:72:16:74:17:74:16:76:24":7,"b:76:24:76:35:76:35:76:Infinity":8}}}
,"C:\\Rahul\\ElectEd\\src\\features\\chat\\ChatWindow.tsx": {"path":"C:\\Rahul\\ElectEd\\src\\features\\chat\\ChatWindow.tsx","statementMap":{"0":{"start":{"line":13,"column":38},"end":{"line":13,"column":73}},"1":{"start":{"line":14,"column":10},"end":{"line":14,"column":33}},"2":{"start":{"line":15,"column":10},"end":{"line":15,"column":39}},"3":{"start":{"line":16,"column":8},"end":{"line":16,"column":48}},"4":{"start":{"line":17,"column":8},"end":{"line":17,"column":47}},"5":{"start":{"line":19,"column":8},"end":{"line":21,"column":null}},"6":{"start":{"line":20,"column":10},"end":{"line":20,"column":98}},"7":{"start":{"line":20,"column":77},"end":{"line":20,"column":96}},"8":{"start":{"line":23,"column":27},"end":{"line":23,"column":96}},"9":{"start":{"line":25,"column":2},"end":{"line":27,"column":null}},"10":{"start":{"line":26,"column":4},"end":{"line":26,"column":null}},"11":{"start":{"line":30,"column":2},"end":{"line":39,"column":null}},"12":{"start":{"line":31,"column":17},"end":{"line":31,"column":null}},"13":{"start":{"line":32,"column":4},"end":{"line":35,"column":null}},"14":{"start":{"line":33,"column":6},"end":{"line":33,"column":null}},"15":{"start":{"line":34,"column":6},"end":{"line":35,"column":null}},"16":{"start":{"line":35,"column":8},"end":{"line":35,"column":null}},"17":{"start":{"line":38,"column":4},"end":{"line":38,"column":null}},"18":{"start":{"line":41,"column":2},"end":{"line":114,"column":null}},"19":{"start":{"line":56,"column":16},"end":{"line":70,"column":null}},"20":{"start":{"line":65,"column":20},"end":{"line":68,"column":null}},"21":{"start":{"line":65,"column":51},"end":{"line":68,"column":null}},"22":{"start":{"line":91,"column":16},"end":{"line":91,"column":null}},"23":{"start":{"line":135,"column":33},"end":{"line":135,"column":61}},"24":{"start":{"line":137,"column":2},"end":{"line":182,"column":null}},"25":{"start":{"line":165,"column":12},"end":{"line":180,"column":null}},"26":{"start":{"line":168,"column":31},"end":{"line":168,"column":79}},"27":{"start":{"line":189,"column":2},"end":{"line":200,"column":null}}},"fnMap":{"0":{"name":"ChatWindow","decl":{"start":{"line":12,"column":24},"end":{"line":12,"column":37}},"loc":{"start":{"line":12,"column":37},"end":{"line":114,"column":null}},"line":12},"1":{"name":"(anonymous_1)","decl":{"start":{"line":19,"column":22},"end":{"line":19,"column":null}},"loc":{"start":{"line":20,"column":10},"end":{"line":20,"column":98}},"line":20},"2":{"name":"(anonymous_2)","decl":{"start":{"line":20,"column":59},"end":{"line":20,"column":64}},"loc":{"start":{"line":20,"column":77},"end":{"line":20,"column":96}},"line":20},"3":{"name":"(anonymous_3)","decl":{"start":{"line":25,"column":2},"end":{"line":25,"column":18}},"loc":{"start":{"line":25,"column":18},"end":{"line":27,"column":6}},"line":25},"4":{"name":"(anonymous_4)","decl":{"start":{"line":30,"column":2},"end":{"line":30,"column":18}},"loc":{"start":{"line":30,"column":18},"end":{"line":39,"column":6}},"line":30},"5":{"name":"(anonymous_5)","decl":{"start":{"line":55,"column":45},"end":{"line":55,"column":50}},"loc":{"start":{"line":56,"column":16},"end":{"line":70,"column":null}},"line":56},"6":{"name":"(anonymous_6)","decl":{"start":{"line":64,"column":18},"end":{"line":64,"column":null}},"loc":{"start":{"line":65,"column":20},"end":{"line":68,"column":null}},"line":65},"7":{"name":"(anonymous_7)","decl":{"start":{"line":65,"column":20},"end":{"line":65,"column":41}},"loc":{"start":{"line":65,"column":51},"end":{"line":68,"column":null}},"line":65},"8":{"name":"(anonymous_8)","decl":{"start":{"line":90,"column":24},"end":{"line":90,"column":29}},"loc":{"start":{"line":91,"column":16},"end":{"line":91,"column":null}},"line":91},"9":{"name":"CategorySection","decl":{"start":{"line":118,"column":9},"end":{"line":118,"column":25}},"loc":{"start":{"line":134,"column":3},"end":{"line":182,"column":null}},"line":134},"10":{"name":"(anonymous_10)","decl":{"start":{"line":164,"column":21},"end":{"line":164,"column":26}},"loc":{"start":{"line":165,"column":12},"end":{"line":180,"column":null}},"line":165},"11":{"name":"(anonymous_11)","decl":{"start":{"line":168,"column":16},"end":{"line":168,"column":31}},"loc":{"start":{"line":168,"column":31},"end":{"line":168,"column":79}},"line":168},"12":{"name":"TypingIndicator","decl":{"start":{"line":188,"column":9},"end":{"line":188,"column":27}},"loc":{"start":{"line":188,"column":27},"end":{"line":200,"column":null}},"line":188}},"branchMap":{"0":{"loc":{"start":{"line":32,"column":4},"end":{"line":35,"column":null}},"type":"if","locations":[{"start":{"line":32,"column":4},"end":{"line":35,"column":null}},{"start":{},"end":{}}],"line":32},"1":{"loc":{"start":{"line":32,"column":8},"end":{"line":32,"column":74}},"type":"binary-expr","locations":[{"start":{"line":32,"column":8},"end":{"line":32,"column":51}},{"start":{"line":32,"column":51},"end":{"line":32,"column":74}}],"line":32},"2":{"loc":{"start":{"line":33,"column":58},"end":{"line":33,"column":88}},"type":"binary-expr","locations":[{"start":{"line":33,"column":58},"end":{"line":33,"column":78}},{"start":{"line":33,"column":78},"end":{"line":33,"column":88}}],"line":33},"3":{"loc":{"start":{"line":34,"column":6},"end":{"line":35,"column":null}},"type":"if","locations":[{"start":{"line":34,"column":6},"end":{"line":35,"column":null}},{"start":{},"end":{}}],"line":34},"4":{"loc":{"start":{"line":62,"column":28},"end":{"line":62,"column":null}},"type":"binary-expr","locations":[{"start":{"line":62,"column":28},"end":{"line":62,"column":61}},{"start":{"line":62,"column":61},"end":{"line":62,"column":null}}],"line":62},"5":{"loc":{"start":{"line":94,"column":15},"end":{"line":94,"column":null}},"type":"binary-expr","locations":[{"start":{"line":94,"column":15},"end":{"line":94,"column":28}},{"start":{"line":94,"column":28},"end":{"line":94,"column":null}}],"line":94},"6":{"loc":{"start":{"line":96,"column":15},"end":{"line":102,"column":null}},"type":"binary-expr","locations":[{"start":{"line":96,"column":15},"end":{"line":96,"column":null}},{"start":{"line":97,"column":16},"end":{"line":102,"column":null}}],"line":96},"7":{"loc":{"start":{"line":141,"column":8},"end":{"line":141,"column":null}},"type":"cond-expr","locations":[{"start":{"line":141,"column":17},"end":{"line":141,"column":44}},{"start":{"line":141,"column":44},"end":{"line":141,"column":null}}],"line":141},"8":{"loc":{"start":{"line":155,"column":9},"end":{"line":158,"column":null}},"type":"cond-expr","locations":[{"start":{"line":156,"column":10},"end":{"line":158,"column":11}},{"start":{"line":158,"column":10},"end":{"line":158,"column":null}}],"line":155},"9":{"loc":{"start":{"line":162,"column":7},"end":{"line":182,"column":null}},"type":"binary-expr","locations":[{"start":{"line":162,"column":7},"end":{"line":162,"column":null}},{"start":{"line":163,"column":8},"end":{"line":182,"column":null}}],"line":162},"10":{"loc":{"start":{"line":174,"column":18},"end":{"line":174,"column":null}},"type":"cond-expr","locations":[{"start":{"line":174,"column":27},"end":{"line":174,"column":56}},{"start":{"line":174,"column":56},"end":{"line":174,"column":null}}],"line":174}},"s":{"0":0,"1":0,"2":0,"3":0,"4":0,"5":0,"6":0,"7":0,"8":0,"9":0,"10":0,"11":0,"12":0,"13":0,"14":0,"15":0,"16":0,"17":0,"18":0,"19":0,"20":0,"21":0,"22":0,"23":0,"24":0,"25":0,"26":0,"27":0},"f":{"0":0,"1":0,"2":0,"3":0,"4":0,"5":0,"6":0,"7":0,"8":0,"9":0,"10":0,"11":0,"12":0},"b":{"0":[0,0],"1":[0,0],"2":[0,0],"3":[0,0],"4":[0,0],"5":[0,0],"6":[0,0],"7":[0,0],"8":[0,0],"9":[0,0],"10":[0,0]},"meta":{"lastBranch":11,"lastFunction":13,"lastStatement":28,"seen":{"f:12:24:12:37":0,"s:13:38:13:73":0,"s:14:10:14:33":1,"s:15:10:15:39":2,"s:16:8:16:48":3,"s:17:8:17:47":4,"s:19:8:21:Infinity":5,"f:19:22:19:Infinity":1,"s:20:10:20:98":6,"f:20:59:20:64":2,"s:20:77:20:96":7,"s:23:27:23:96":8,"s:25:2:27:Infinity":9,"f:25:2:25:18":3,"s:26:4:26:Infinity":10,"s:30:2:39:Infinity":11,"f:30:2:30:18":4,"s:31:17:31:Infinity":12,"b:32:4:35:Infinity:undefined:undefined:undefined:undefined":0,"s:32:4:35:Infinity":13,"b:32:8:32:51:32:51:32:74":1,"s:33:6:33:Infinity":14,"b:33:58:33:78:33:78:33:88":2,"b:34:6:35:Infinity:undefined:undefined:undefined:undefined":3,"s:34:6:35:Infinity":15,"s:35:8:35:Infinity":16,"s:38:4:38:Infinity":17,"s:41:2:114:Infinity":18,"f:55:45:55:50":5,"s:56:16:70:Infinity":19,"b:62:28:62:61:62:61:62:Infinity":4,"f:64:18:64:Infinity":6,"s:65:20:68:Infinity":20,"f:65:20:65:41":7,"s:65:51:68:Infinity":21,"f:90:24:90:29":8,"s:91:16:91:Infinity":22,"b:94:15:94:28:94:28:94:Infinity":5,"b:96:15:96:Infinity:97:16:102:Infinity":6,"f:118:9:118:25":9,"s:135:33:135:61":23,"s:137:2:182:Infinity":24,"b:141:17:141:44:141:44:141:Infinity":7,"b:156:10:158:11:158:10:158:Infinity":8,"b:162:7:162:Infinity:163:8:182:Infinity":9,"f:164:21:164:26":10,"s:165:12:180:Infinity":25,"f:168:16:168:31":11,"s:168:31:168:79":26,"b:174:27:174:56:174:56:174:Infinity":10,"f:188:9:188:27":12,"s:189:2:200:Infinity":27}}}
,"C:\\Rahul\\ElectEd\\src\\features\\compare\\CompareTable.tsx": {"path":"C:\\Rahul\\ElectEd\\src\\features\\compare\\CompareTable.tsx","statementMap":{"0":{"start":{"line":23,"column":41},"end":{"line":109,"column":null}},"1":{"start":{"line":112,"column":8},"end":{"line":112,"column":32}},"2":{"start":{"line":113,"column":10},"end":{"line":113,"column":42}},"3":{"start":{"line":114,"column":10},"end":{"line":114,"column":39}},"4":{"start":{"line":115,"column":22},"end":{"line":115,"column":62}},"5":{"start":{"line":117,"column":8},"end":{"line":119,"column":null}},"6":{"start":{"line":118,"column":10},"end":{"line":118,"column":79}},"7":{"start":{"line":118,"column":46},"end":{"line":118,"column":78}},"8":{"start":{"line":122,"column":8},"end":{"line":133,"column":null}},"9":{"start":{"line":123,"column":4},"end":{"line":133,"column":null}},"10":{"start":{"line":124,"column":6},"end":{"line":124,"column":null}},"11":{"start":{"line":124,"column":29},"end":{"line":124,"column":null}},"12":{"start":{"line":124,"column":58},"end":{"line":124,"column":70}},"13":{"start":{"line":125,"column":6},"end":{"line":125,"column":null}},"14":{"start":{"line":125,"column":28},"end":{"line":125,"column":null}},"15":{"start":{"line":126,"column":19},"end":{"line":126,"column":32}},"16":{"start":{"line":127,"column":26},"end":{"line":127,"column":null}},"17":{"start":{"line":127,"column":54},"end":{"line":127,"column":66}},"18":{"start":{"line":128,"column":6},"end":{"line":131,"column":null}},"19":{"start":{"line":129,"column":37},"end":{"line":129,"column":95}},"20":{"start":{"line":129,"column":65},"end":{"line":129,"column":78}},"21":{"start":{"line":132,"column":6},"end":{"line":132,"column":null}},"22":{"start":{"line":136,"column":8},"end":{"line":140,"column":null}},"23":{"start":{"line":137,"column":4},"end":{"line":139,"column":null}},"24":{"start":{"line":140,"column":4},"end":{"line":140,"column":null}},"25":{"start":{"line":143,"column":2},"end":{"line":297,"column":null}},"26":{"start":{"line":147,"column":27},"end":{"line":147,"column":59}},"27":{"start":{"line":148,"column":34},"end":{"line":148,"column":null}},"28":{"start":{"line":149,"column":10},"end":{"line":202,"column":null}},"29":{"start":{"line":164,"column":33},"end":{"line":164,"column":58}},"30":{"start":{"line":223,"column":20},"end":{"line":225,"column":null}},"31":{"start":{"line":231,"column":70},"end":{"line":231,"column":86}},"32":{"start":{"line":232,"column":77},"end":{"line":232,"column":99}},"33":{"start":{"line":233,"column":73},"end":{"line":233,"column":92}},"34":{"start":{"line":234,"column":71},"end":{"line":234,"column":88}},"35":{"start":{"line":237,"column":53},"end":{"line":237,"column":null}},"36":{"start":{"line":239,"column":68},"end":{"line":239,"column":82}},"37":{"start":{"line":240,"column":68},"end":{"line":240,"column":null}},"38":{"start":{"line":242,"column":18},"end":{"line":249,"column":null}},"39":{"start":{"line":245,"column":22},"end":{"line":247,"column":null}}},"fnMap":{"0":{"name":"CompareTable","decl":{"start":{"line":111,"column":24},"end":{"line":111,"column":39}},"loc":{"start":{"line":111,"column":39},"end":{"line":297,"column":null}},"line":111},"1":{"name":"(anonymous_1)","decl":{"start":{"line":117,"column":28},"end":{"line":117,"column":null}},"loc":{"start":{"line":118,"column":10},"end":{"line":118,"column":79}},"line":118},"2":{"name":"(anonymous_2)","decl":{"start":{"line":118,"column":26},"end":{"line":118,"column":34}},"loc":{"start":{"line":118,"column":46},"end":{"line":118,"column":78}},"line":118},"3":{"name":"(anonymous_3)","decl":{"start":{"line":122,"column":8},"end":{"line":122,"column":25}},"loc":{"start":{"line":122,"column":40},"end":{"line":133,"column":null}},"line":122},"4":{"name":"(anonymous_4)","decl":{"start":{"line":123,"column":4},"end":{"line":123,"column":20}},"loc":{"start":{"line":123,"column":29},"end":{"line":133,"column":null}},"line":123},"5":{"name":"(anonymous_5)","decl":{"start":{"line":124,"column":41},"end":{"line":124,"column":49}},"loc":{"start":{"line":124,"column":58},"end":{"line":124,"column":70}},"line":124},"6":{"name":"(anonymous_6)","decl":{"start":{"line":127,"column":42},"end":{"line":127,"column":48}},"loc":{"start":{"line":127,"column":54},"end":{"line":127,"column":66}},"line":127},"7":{"name":"(anonymous_7)","decl":{"start":{"line":129,"column":24},"end":{"line":129,"column":29}},"loc":{"start":{"line":129,"column":37},"end":{"line":129,"column":95}},"line":129},"8":{"name":"(anonymous_8)","decl":{"start":{"line":129,"column":53},"end":{"line":129,"column":59}},"loc":{"start":{"line":129,"column":65},"end":{"line":129,"column":78}},"line":129},"9":{"name":"(anonymous_9)","decl":{"start":{"line":136,"column":8},"end":{"line":136,"column":22}},"loc":{"start":{"line":136,"column":22},"end":{"line":140,"column":null}},"line":136},"10":{"name":"(anonymous_10)","decl":{"start":{"line":146,"column":25},"end":{"line":146,"column":30}},"loc":{"start":{"line":146,"column":42},"end":{"line":202,"column":null}},"line":146},"11":{"name":"(anonymous_11)","decl":{"start":{"line":164,"column":18},"end":{"line":164,"column":33}},"loc":{"start":{"line":164,"column":33},"end":{"line":164,"column":58}},"line":164},"12":{"name":"(anonymous_12)","decl":{"start":{"line":222,"column":37},"end":{"line":222,"column":42}},"loc":{"start":{"line":223,"column":20},"end":{"line":225,"column":null}},"line":223},"13":{"name":"(anonymous_13)","decl":{"start":{"line":231,"column":37},"end":{"line":231,"column":43}},"loc":{"start":{"line":231,"column":70},"end":{"line":231,"column":86}},"line":231},"14":{"name":"(anonymous_14)","decl":{"start":{"line":232,"column":44},"end":{"line":232,"column":50}},"loc":{"start":{"line":232,"column":77},"end":{"line":232,"column":99}},"line":232},"15":{"name":"(anonymous_15)","decl":{"start":{"line":233,"column":40},"end":{"line":233,"column":46}},"loc":{"start":{"line":233,"column":73},"end":{"line":233,"column":92}},"line":233},"16":{"name":"(anonymous_16)","decl":{"start":{"line":234,"column":38},"end":{"line":234,"column":44}},"loc":{"start":{"line":234,"column":71},"end":{"line":234,"column":88}},"line":234},"17":{"name":"(anonymous_17)","decl":{"start":{"line":237,"column":20},"end":{"line":237,"column":26}},"loc":{"start":{"line":237,"column":53},"end":{"line":237,"column":null}},"line":237},"18":{"name":"(anonymous_18)","decl":{"start":{"line":239,"column":35},"end":{"line":239,"column":41}},"loc":{"start":{"line":239,"column":68},"end":{"line":239,"column":82}},"line":239},"19":{"name":"(anonymous_19)","decl":{"start":{"line":240,"column":35},"end":{"line":240,"column":41}},"loc":{"start":{"line":240,"column":68},"end":{"line":240,"column":null}},"line":240},"20":{"name":"(anonymous_20)","decl":{"start":{"line":241,"column":18},"end":{"line":241,"column":23}},"loc":{"start":{"line":242,"column":18},"end":{"line":249,"column":null}},"line":242},"21":{"name":"(anonymous_21)","decl":{"start":{"line":244,"column":39},"end":{"line":244,"column":44}},"loc":{"start":{"line":245,"column":22},"end":{"line":247,"column":null}},"line":245}},"branchMap":{"0":{"loc":{"start":{"line":124,"column":6},"end":{"line":124,"column":null}},"type":"if","locations":[{"start":{"line":124,"column":6},"end":{"line":124,"column":null}},{"start":{},"end":{}}],"line":124},"1":{"loc":{"start":{"line":125,"column":6},"end":{"line":125,"column":null}},"type":"if","locations":[{"start":{"line":125,"column":6},"end":{"line":125,"column":null}},{"start":{},"end":{}}],"line":125},"2":{"loc":{"start":{"line":127,"column":26},"end":{"line":127,"column":null}},"type":"binary-expr","locations":[{"start":{"line":127,"column":26},"end":{"line":127,"column":79}},{"start":{"line":127,"column":79},"end":{"line":127,"column":null}}],"line":127},"3":{"loc":{"start":{"line":129,"column":37},"end":{"line":129,"column":95}},"type":"binary-expr","locations":[{"start":{"line":129,"column":37},"end":{"line":129,"column":91}},{"start":{"line":129,"column":91},"end":{"line":129,"column":95}}],"line":129},"4":{"loc":{"start":{"line":148,"column":34},"end":{"line":148,"column":null}},"type":"binary-expr","locations":[{"start":{"line":148,"column":34},"end":{"line":148,"column":61}},{"start":{"line":148,"column":61},"end":{"line":148,"column":null}}],"line":148},"5":{"loc":{"start":{"line":154,"column":16},"end":{"line":154,"column":null}},"type":"cond-expr","locations":[{"start":{"line":154,"column":27},"end":{"line":154,"column":54}},{"start":{"line":154,"column":54},"end":{"line":154,"column":null}}],"line":154},"6":{"loc":{"start":{"line":155,"column":16},"end":{"line":155,"column":null}},"type":"cond-expr","locations":[{"start":{"line":155,"column":34},"end":{"line":155,"column":49}},{"start":{"line":155,"column":49},"end":{"line":155,"column":null}}],"line":155},"7":{"loc":{"start":{"line":168,"column":20},"end":{"line":170,"column":null}},"type":"cond-expr","locations":[{"start":{"line":169,"column":24},"end":{"line":169,"column":null}},{"start":{"line":170,"column":24},"end":{"line":170,"column":null}}],"line":168},"8":{"loc":{"start":{"line":171,"column":20},"end":{"line":171,"column":null}},"type":"cond-expr","locations":[{"start":{"line":171,"column":38},"end":{"line":171,"column":61}},{"start":{"line":171,"column":61},"end":{"line":171,"column":null}}],"line":171},"9":{"loc":{"start":{"line":174,"column":19},"end":{"line":174,"column":null}},"type":"cond-expr","locations":[{"start":{"line":174,"column":30},"end":{"line":174,"column":43}},{"start":{"line":174,"column":43},"end":{"line":174,"column":null}}],"line":174},"10":{"loc":{"start":{"line":196,"column":17},"end":{"line":199,"column":null}},"type":"binary-expr","locations":[{"start":{"line":196,"column":17},"end":{"line":196,"column":null}},{"start":{"line":197,"column":18},"end":{"line":199,"column":null}}],"line":196},"11":{"loc":{"start":{"line":212,"column":9},"end":{"line":253,"column":null}},"type":"cond-expr","locations":[{"start":{"line":213,"column":10},"end":{"line":217,"column":11}},{"start":{"line":217,"column":10},"end":{"line":253,"column":null}}],"line":212}},"s":{"0":0,"1":0,"2":0,"3":0,"4":0,"5":0,"6":0,"7":0,"8":0,"9":0,"10":0,"11":0,"12":0,"13":0,"14":0,"15":0,"16":0,"17":0,"18":0,"19":0,"20":0,"21":0,"22":0,"23":0,"24":0,"25":0,"26":0,"27":0,"28":0,"29":0,"30":0,"31":0,"32":0,"33":0,"34":0,"35":0,"36":0,"37":0,"38":0,"39":0},"f":{"0":0,"1":0,"2":0,"3":0,"4":0,"5":0,"6":0,"7":0,"8":0,"9":0,"10":0,"11":0,"12":0,"13":0,"14":0,"15":0,"16":0,"17":0,"18":0,"19":0,"20":0,"21":0},"b":{"0":[0,0],"1":[0,0],"2":[0,0],"3":[0,0],"4":[0,0],"5":[0,0],"6":[0,0],"7":[0,0],"8":[0,0],"9":[0,0],"10":[0,0],"11":[0,0]},"meta":{"lastBranch":12,"lastFunction":22,"lastStatement":40,"seen":{"s:23:41:109:Infinity":0,"f:111:24:111:39":0,"s:112:8:112:32":1,"s:113:10:113:42":2,"s:114:10:114:39":3,"s:115:22:115:62":4,"s:117:8:119:Infinity":5,"f:117:28:117:Infinity":1,"s:118:10:118:79":6,"f:118:26:118:34":2,"s:118:46:118:78":7,"s:122:8:133:Infinity":8,"f:122:8:122:25":3,"s:123:4:133:Infinity":9,"f:123:4:123:20":4,"b:124:6:124:Infinity:undefined:undefined:undefined:undefined":0,"s:124:6:124:Infinity":10,"s:124:29:124:Infinity":11,"f:124:41:124:49":5,"s:124:58:124:70":12,"b:125:6:125:Infinity:undefined:undefined:undefined:undefined":1,"s:125:6:125:Infinity":13,"s:125:28:125:Infinity":14,"s:126:19:126:32":15,"s:127:26:127:Infinity":16,"b:127:26:127:79:127:79:127:Infinity":2,"f:127:42:127:48":6,"s:127:54:127:66":17,"s:128:6:131:Infinity":18,"f:129:24:129:29":7,"s:129:37:129:95":19,"b:129:37:129:91:129:91:129:95":3,"f:129:53:129:59":8,"s:129:65:129:78":20,"s:132:6:132:Infinity":21,"s:136:8:140:Infinity":22,"f:136:8:136:22":9,"s:137:4:139:Infinity":23,"s:140:4:140:Infinity":24,"s:143:2:297:Infinity":25,"f:146:25:146:30":10,"s:147:27:147:59":26,"s:148:34:148:Infinity":27,"b:148:34:148:61:148:61:148:Infinity":4,"s:149:10:202:Infinity":28,"b:154:27:154:54:154:54:154:Infinity":5,"b:155:34:155:49:155:49:155:Infinity":6,"f:164:18:164:33":11,"s:164:33:164:58":29,"b:169:24:169:Infinity:170:24:170:Infinity":7,"b:171:38:171:61:171:61:171:Infinity":8,"b:174:30:174:43:174:43:174:Infinity":9,"b:196:17:196:Infinity:197:18:199:Infinity":10,"b:213:10:217:11:217:10:253:Infinity":11,"f:222:37:222:42":12,"s:223:20:225:Infinity":30,"f:231:37:231:43":13,"s:231:70:231:86":31,"f:232:44:232:50":14,"s:232:77:232:99":32,"f:233:40:233:46":15,"s:233:73:233:92":33,"f:234:38:234:44":16,"s:234:71:234:88":34,"f:237:20:237:26":17,"s:237:53:237:Infinity":35,"f:239:35:239:41":18,"s:239:68:239:82":36,"f:240:35:240:41":19,"s:240:68:240:Infinity":37,"f:241:18:241:23":20,"s:242:18:249:Infinity":38,"f:244:39:244:44":21,"s:245:22:247:Infinity":39}}}
,"C:\\Rahul\\ElectEd\\src\\features\\glossary\\GlossaryList.tsx": {"path":"C:\\Rahul\\ElectEd\\src\\features\\glossary\\GlossaryList.tsx","statementMap":{"0":{"start":{"line":20,"column":18},"end":{"line":20,"column":56}},"1":{"start":{"line":22,"column":42},"end":{"line":316,"column":null}},"2":{"start":{"line":318,"column":58},"end":{"line":324,"column":null}},"3":{"start":{"line":326,"column":62},"end":{"line":330,"column":null}},"4":{"start":{"line":333,"column":2},"end":{"line":333,"column":null}},"5":{"start":{"line":337,"column":2},"end":{"line":337,"column":null}},"6":{"start":{"line":341,"column":18},"end":{"line":341,"column":31}},"7":{"start":{"line":342,"column":17},"end":{"line":342,"column":60}},"8":{"start":{"line":343,"column":2},"end":{"line":350,"column":null}},"9":{"start":{"line":344,"column":4},"end":{"line":350,"column":null}},"10":{"start":{"line":345,"column":21},"end":{"line":345,"column":39}},"11":{"start":{"line":346,"column":6},"end":{"line":348,"column":null}},"12":{"start":{"line":347,"column":25},"end":{"line":347,"column":85}},"13":{"start":{"line":347,"column":58},"end":{"line":347,"column":85}},"14":{"start":{"line":348,"column":8},"end":{"line":348,"column":null}},"15":{"start":{"line":348,"column":22},"end":{"line":348,"column":null}},"16":{"start":{"line":356,"column":4},"end":{"line":356,"column":null}},"17":{"start":{"line":357,"column":2},"end":{"line":360,"column":null}},"18":{"start":{"line":361,"column":2},"end":{"line":361,"column":null}},"19":{"start":{"line":365,"column":2},"end":{"line":365,"column":null}},"20":{"start":{"line":365,"column":21},"end":{"line":365,"column":null}},"21":{"start":{"line":366,"column":16},"end":{"line":366,"column":60}},"22":{"start":{"line":367,"column":16},"end":{"line":367,"column":33}},"23":{"start":{"line":368,"column":2},"end":{"line":379,"column":null}},"24":{"start":{"line":371,"column":8},"end":{"line":376,"column":null}},"25":{"start":{"line":384,"column":8},"end":{"line":384,"column":32}},"26":{"start":{"line":385,"column":10},"end":{"line":385,"column":42}},"27":{"start":{"line":386,"column":10},"end":{"line":386,"column":33}},"28":{"start":{"line":387,"column":43},"end":{"line":387,"column":78}},"29":{"start":{"line":388,"column":10},"end":{"line":388,"column":39}},"30":{"start":{"line":390,"column":17},"end":{"line":390,"column":42}},"31":{"start":{"line":391,"column":25},"end":{"line":391,"column":77}},"32":{"start":{"line":392,"column":9},"end":{"line":392,"column":67}},"33":{"start":{"line":392,"column":52},"end":{"line":392,"column":66}},"34":{"start":{"line":395,"column":8},"end":{"line":395,"column":78}},"35":{"start":{"line":396,"column":2},"end":{"line":405,"column":null}},"36":{"start":{"line":397,"column":4},"end":{"line":397,"column":null}},"37":{"start":{"line":397,"column":24},"end":{"line":397,"column":null}},"38":{"start":{"line":398,"column":4},"end":{"line":398,"column":null}},"39":{"start":{"line":398,"column":35},"end":{"line":398,"column":null}},"40":{"start":{"line":399,"column":4},"end":{"line":401,"column":null}},"41":{"start":{"line":400,"column":6},"end":{"line":400,"column":null}},"42":{"start":{"line":402,"column":4},"end":{"line":403,"column":null}},"43":{"start":{"line":403,"column":6},"end":{"line":403,"column":null}},"44":{"start":{"line":403,"column":37},"end":{"line":403,"column":null}},"45":{"start":{"line":407,"column":8},"end":{"line":414,"column":null}},"46":{"start":{"line":408,"column":26},"end":{"line":408,"column":44}},"47":{"start":{"line":409,"column":4},"end":{"line":409,"column":null}},"48":{"start":{"line":410,"column":4},"end":{"line":414,"column":null}},"49":{"start":{"line":411,"column":6},"end":{"line":414,"column":null}},"50":{"start":{"line":412,"column":8},"end":{"line":412,"column":null}},"51":{"start":{"line":414,"column":8},"end":{"line":414,"column":null}},"52":{"start":{"line":420,"column":2},"end":{"line":420,"column":null}},"53":{"start":{"line":422,"column":8},"end":{"line":430,"column":30}},"54":{"start":{"line":423,"column":14},"end":{"line":423,"column":41}},"55":{"start":{"line":424,"column":4},"end":{"line":429,"column":null}},"56":{"start":{"line":425,"column":6},"end":{"line":426,"column":null}},"57":{"start":{"line":426,"column":8},"end":{"line":426,"column":null}},"58":{"start":{"line":427,"column":6},"end":{"line":427,"column":null}},"59":{"start":{"line":427,"column":14},"end":{"line":427,"column":null}},"60":{"start":{"line":428,"column":6},"end":{"line":428,"column":null}},"61":{"start":{"line":429,"column":22},"end":{"line":429,"column":50}},"62":{"start":{"line":432,"column":8},"end":{"line":434,"column":null}},"63":{"start":{"line":433,"column":4},"end":{"line":433,"column":null}},"64":{"start":{"line":434,"column":4},"end":{"line":434,"column":null}},"65":{"start":{"line":437,"column":8},"end":{"line":440,"column":null}},"66":{"start":{"line":438,"column":17},"end":{"line":438,"column":null}},"67":{"start":{"line":439,"column":4},"end":{"line":439,"column":null}},"68":{"start":{"line":440,"column":4},"end":{"line":440,"column":null}},"69":{"start":{"line":443,"column":25},"end":{"line":449,"column":null}},"70":{"start":{"line":444,"column":22},"end":{"line":444,"column":null}},"71":{"start":{"line":445,"column":4},"end":{"line":447,"column":null}},"72":{"start":{"line":446,"column":6},"end":{"line":446,"column":null}},"73":{"start":{"line":447,"column":6},"end":{"line":447,"column":null}},"74":{"start":{"line":449,"column":4},"end":{"line":449,"column":null}},"75":{"start":{"line":452,"column":2},"end":{"line":588,"column":null}},"76":{"start":{"line":461,"column":25},"end":{"line":461,"column":46}},"77":{"start":{"line":479,"column":31},"end":{"line":479,"column":56}},"78":{"start":{"line":488,"column":12},"end":{"line":499,"column":null}},"79":{"start":{"line":490,"column":29},"end":{"line":490,"column":54}},"80":{"start":{"line":502,"column":27},"end":{"line":502,"column":51}},"81":{"start":{"line":530,"column":14},"end":{"line":586,"column":null}},"82":{"start":{"line":560,"column":35},"end":{"line":560,"column":59}},"83":{"start":{"line":566,"column":35},"end":{"line":566,"column":67}}},"fnMap":{"0":{"name":"escapeRegExp","decl":{"start":{"line":332,"column":9},"end":{"line":332,"column":22}},"loc":{"start":{"line":332,"column":45},"end":{"line":333,"column":null}},"line":332},"1":{"name":"getTodayKey","decl":{"start":{"line":336,"column":9},"end":{"line":336,"column":31}},"loc":{"start":{"line":336,"column":31},"end":{"line":337,"column":null}},"line":336},"2":{"name":"getTermOfDay","decl":{"start":{"line":340,"column":9},"end":{"line":340,"column":39}},"loc":{"start":{"line":340,"column":39},"end":{"line":361,"column":null}},"line":340},"3":{"name":"(anonymous_3)","decl":{"start":{"line":347,"column":42},"end":{"line":347,"column":48}},"loc":{"start":{"line":347,"column":58},"end":{"line":347,"column":85}},"line":347},"4":{"name":"HighlightedText","decl":{"start":{"line":364,"column":9},"end":{"line":364,"column":25}},"loc":{"start":{"line":364,"column":75},"end":{"line":379,"column":null}},"line":364},"5":{"name":"(anonymous_5)","decl":{"start":{"line":370,"column":13},"end":{"line":370,"column":18}},"loc":{"start":{"line":371,"column":8},"end":{"line":376,"column":null}},"line":371},"6":{"name":"GlossaryList","decl":{"start":{"line":383,"column":24},"end":{"line":383,"column":39}},"loc":{"start":{"line":383,"column":39},"end":{"line":588,"column":null}},"line":383},"7":{"name":"(anonymous_7)","decl":{"start":{"line":392,"column":22},"end":{"line":392,"column":52}},"loc":{"start":{"line":392,"column":52},"end":{"line":392,"column":66}},"line":392},"8":{"name":"(anonymous_8)","decl":{"start":{"line":396,"column":2},"end":{"line":396,"column":18}},"loc":{"start":{"line":396,"column":18},"end":{"line":405,"column":6}},"line":396},"9":{"name":"(anonymous_9)","decl":{"start":{"line":399,"column":32},"end":{"line":399,"column":49}},"loc":{"start":{"line":399,"column":49},"end":{"line":401,"column":11}},"line":399},"10":{"name":"(anonymous_10)","decl":{"start":{"line":402,"column":4},"end":{"line":402,"column":17}},"loc":{"start":{"line":402,"column":17},"end":{"line":403,"column":null}},"line":402},"11":{"name":"(anonymous_11)","decl":{"start":{"line":407,"column":8},"end":{"line":407,"column":32}},"loc":{"start":{"line":407,"column":49},"end":{"line":414,"column":null}},"line":407},"12":{"name":"(anonymous_12)","decl":{"start":{"line":422,"column":24},"end":{"line":422,"column":38}},"loc":{"start":{"line":422,"column":38},"end":{"line":430,"column":6}},"line":422},"13":{"name":"(anonymous_13)","decl":{"start":{"line":424,"column":28},"end":{"line":424,"column":36}},"loc":{"start":{"line":424,"column":46},"end":{"line":429,"column":7}},"line":424},"14":{"name":"(anonymous_14)","decl":{"start":{"line":429,"column":7},"end":{"line":429,"column":13}},"loc":{"start":{"line":429,"column":22},"end":{"line":429,"column":50}},"line":429},"15":{"name":"(anonymous_15)","decl":{"start":{"line":432,"column":8},"end":{"line":432,"column":24}},"loc":{"start":{"line":432,"column":41},"end":{"line":434,"column":null}},"line":432},"16":{"name":"(anonymous_16)","decl":{"start":{"line":437,"column":8},"end":{"line":437,"column":31}},"loc":{"start":{"line":437,"column":31},"end":{"line":440,"column":null}},"line":437},"17":{"name":"(anonymous_17)","decl":{"start":{"line":443,"column":25},"end":{"line":443,"column":37}},"loc":{"start":{"line":443,"column":37},"end":{"line":449,"column":null}},"line":443},"18":{"name":"(anonymous_18)","decl":{"start":{"line":461,"column":10},"end":{"line":461,"column":25}},"loc":{"start":{"line":461,"column":25},"end":{"line":461,"column":46}},"line":461},"19":{"name":"(anonymous_19)","decl":{"start":{"line":479,"column":14},"end":{"line":479,"column":25}},"loc":{"start":{"line":479,"column":31},"end":{"line":479,"column":56}},"line":479},"20":{"name":"(anonymous_20)","decl":{"start":{"line":487,"column":21},"end":{"line":487,"column":26}},"loc":{"start":{"line":488,"column":12},"end":{"line":499,"column":null}},"line":488},"21":{"name":"(anonymous_21)","decl":{"start":{"line":490,"column":14},"end":{"line":490,"column":29}},"loc":{"start":{"line":490,"column":29},"end":{"line":490,"column":54}},"line":490},"22":{"name":"(anonymous_22)","decl":{"start":{"line":502,"column":12},"end":{"line":502,"column":27}},"loc":{"start":{"line":502,"column":27},"end":{"line":502,"column":51}},"line":502},"23":{"name":"(anonymous_23)","decl":{"start":{"line":529,"column":27},"end":{"line":529,"column":32}},"loc":{"start":{"line":530,"column":14},"end":{"line":586,"column":null}},"line":530},"24":{"name":"(anonymous_24)","decl":{"start":{"line":560,"column":20},"end":{"line":560,"column":35}},"loc":{"start":{"line":560,"column":35},"end":{"line":560,"column":59}},"line":560},"25":{"name":"(anonymous_25)","decl":{"start":{"line":566,"column":20},"end":{"line":566,"column":35}},"loc":{"start":{"line":566,"column":35},"end":{"line":566,"column":67}},"line":566}},"branchMap":{"0":{"loc":{"start":{"line":343,"column":2},"end":{"line":350,"column":null}},"type":"if","locations":[{"start":{"line":343,"column":2},"end":{"line":350,"column":null}},{"start":{},"end":{}}],"line":343},"1":{"loc":{"start":{"line":346,"column":6},"end":{"line":348,"column":null}},"type":"if","locations":[{"start":{"line":346,"column":6},"end":{"line":348,"column":null}},{"start":{},"end":{}}],"line":346},"2":{"loc":{"start":{"line":348,"column":8},"end":{"line":348,"column":null}},"type":"if","locations":[{"start":{"line":348,"column":8},"end":{"line":348,"column":null}},{"start":{},"end":{}}],"line":348},"3":{"loc":{"start":{"line":356,"column":4},"end":{"line":356,"column":null}},"type":"binary-expr","locations":[{"start":{"line":356,"column":4},"end":{"line":356,"column":77}},{"start":{"line":356,"column":77},"end":{"line":356,"column":null}}],"line":356},"4":{"loc":{"start":{"line":365,"column":2},"end":{"line":365,"column":null}},"type":"if","locations":[{"start":{"line":365,"column":2},"end":{"line":365,"column":null}},{"start":{},"end":{}}],"line":365},"5":{"loc":{"start":{"line":371,"column":8},"end":{"line":376,"column":null}},"type":"cond-expr","locations":[{"start":{"line":372,"column":10},"end":{"line":374,"column":null}},{"start":{"line":376,"column":10},"end":{"line":376,"column":null}}],"line":371},"6":{"loc":{"start":{"line":397,"column":4},"end":{"line":397,"column":null}},"type":"if","locations":[{"start":{"line":397,"column":4},"end":{"line":397,"column":null}},{"start":{},"end":{}}],"line":397},"7":{"loc":{"start":{"line":398,"column":4},"end":{"line":398,"column":null}},"type":"if","locations":[{"start":{"line":398,"column":4},"end":{"line":398,"column":null}},{"start":{},"end":{}}],"line":398},"8":{"loc":{"start":{"line":403,"column":6},"end":{"line":403,"column":null}},"type":"if","locations":[{"start":{"line":403,"column":6},"end":{"line":403,"column":null}},{"start":{},"end":{}}],"line":403},"9":{"loc":{"start":{"line":410,"column":4},"end":{"line":414,"column":null}},"type":"if","locations":[{"start":{"line":410,"column":4},"end":{"line":414,"column":null}},{"start":{},"end":{}}],"line":410},"10":{"loc":{"start":{"line":411,"column":6},"end":{"line":414,"column":null}},"type":"if","locations":[{"start":{"line":411,"column":6},"end":{"line":414,"column":null}},{"start":{"line":413,"column":13},"end":{"line":414,"column":null}}],"line":411},"11":{"loc":{"start":{"line":425,"column":6},"end":{"line":426,"column":null}},"type":"if","locations":[{"start":{"line":425,"column":6},"end":{"line":426,"column":null}},{"start":{},"end":{}}],"line":425},"12":{"loc":{"start":{"line":425,"column":10},"end":{"line":425,"column":90}},"type":"binary-expr","locations":[{"start":{"line":425,"column":10},"end":{"line":425,"column":38}},{"start":{"line":425,"column":38},"end":{"line":425,"column":90}}],"line":425},"13":{"loc":{"start":{"line":427,"column":6},"end":{"line":427,"column":null}},"type":"if","locations":[{"start":{"line":427,"column":6},"end":{"line":427,"column":null}},{"start":{},"end":{}}],"line":427},"14":{"loc":{"start":{"line":428,"column":13},"end":{"line":428,"column":95}},"type":"binary-expr","locations":[{"start":{"line":428,"column":13},"end":{"line":428,"column":49}},{"start":{"line":428,"column":53},"end":{"line":428,"column":95}}],"line":428},"15":{"loc":{"start":{"line":438,"column":17},"end":{"line":438,"column":null}},"type":"binary-expr","locations":[{"start":{"line":438,"column":17},"end":{"line":438,"column":30}},{"start":{"line":438,"column":34},"end":{"line":438,"column":null}}],"line":438},"16":{"loc":{"start":{"line":445,"column":4},"end":{"line":447,"column":null}},"type":"if","locations":[{"start":{"line":445,"column":4},"end":{"line":447,"column":null}},{"start":{},"end":{}}],"line":445},"17":{"loc":{"start":{"line":493,"column":16},"end":{"line":495,"column":null}},"typ
[...]
d":{"line":65,"column":null}},"13":{"start":{"line":61,"column":26},"end":{"line":65,"column":13}},"14":{"start":{"line":68,"column":12},"end":{"line":70,"column":null}},"15":{"start":{"line":72,"column":10},"end":{"line":85,"column":null}},"16":{"start":{"line":72,"column":26},"end":{"line":85,"column":13}},"17":{"start":{"line":89,"column":40},"end":{"line":89,"column":66}},"18":{"start":{"line":92,"column":8},"end":{"line":94,"column":10}},"19":{"start":{"line":97,"column":8},"end":{"line":100,"column":null}},"20":{"start":{"line":102,"column":8},"end":{"line":102,"column":null}},"21":{"start":{"line":106,"column":8},"end":{"line":112,"column":null}},"22":{"start":{"line":116,"column":30},"end":{"line":119,"column":null}}},"fnMap":{"0":{"name":"(anonymous_0)","decl":{"start":{"line":26,"column":2},"end":{"line":26,"column":null}},"loc":{"start":{"line":27,"column":19},"end":{"line":113,"column":null}},"line":27},"1":{"name":"(anonymous_1)","decl":{"start":{"line":34,"column":19},"end":{"line":34,"column":26}},"loc":{"start":{"line":34,"column":46},"end":{"line":85,"column":null}},"line":34},"2":{"name":"(anonymous_2)","decl":{"start":{"line":45,"column":8},"end":{"line":45,"column":13}},"loc":{"start":{"line":45,"column":24},"end":{"line":50,"column":11}},"line":45},"3":{"name":"(anonymous_3)","decl":{"start":{"line":61,"column":10},"end":{"line":61,"column":15}},"loc":{"start":{"line":61,"column":26},"end":{"line":65,"column":13}},"line":61},"4":{"name":"(anonymous_4)","decl":{"start":{"line":72,"column":10},"end":{"line":72,"column":15}},"loc":{"start":{"line":72,"column":26},"end":{"line":85,"column":13}},"line":72},"5":{"name":"(anonymous_5)","decl":{"start":{"line":89,"column":6},"end":{"line":89,"column":22}},"loc":{"start":{"line":89,"column":40},"end":{"line":89,"column":66}},"line":89},"6":{"name":"(anonymous_6)","decl":{"start":{"line":91,"column":6},"end":{"line":91,"column":26}},"loc":{"start":{"line":92,"column":8},"end":{"line":94,"column":10}},"line":92},"7":{"name":"(anonymous_7)","decl":{"start":{"line":96,"column":29},"end":{"line":96,"column":36}},"loc":{"start":{"line":96,"column":77},"end":{"line":102,"column":null}},"line":96},"8":{"name":"(anonymous_8)","decl":{"start":{"line":105,"column":6},"end":{"line":105,"column":null}},"loc":{"start":{"line":106,"column":8},"end":{"line":112,"column":null}},"line":106},"9":{"name":"(anonymous_9)","decl":{"start":{"line":116,"column":6},"end":{"line":116,"column":19}},"loc":{"start":{"line":116,"column":30},"end":{"line":119,"column":null}},"line":116}},"branchMap":{"0":{"loc":{"start":{"line":36,"column":8},"end":{"line":36,"column":null}},"type":"if","locations":[{"start":{"line":36,"column":8},"end":{"line":36,"column":null}},{"start":{},"end":{}}],"line":36},"1":{"loc":{"start":{"line":36,"column":12},"end":{"line":36,"column":41}},"type":"binary-expr","locations":[{"start":{"line":36,"column":12},"end":{"line":36,"column":24}},{"start":{"line":36,"column":24},"end":{"line":36,"column":41}}],"line":36},"2":{"loc":{"start":{"line":68,"column":12},"end":{"line":70,"column":null}},"type":"cond-expr","locations":[{"start":{"line":69,"column":16},"end":{"line":69,"column":null}},{"start":{"line":70,"column":16},"end":{"line":70,"column":null}}],"line":68}},"s":{"0":0,"1":0,"2":0,"3":0,"4":0,"5":0,"6":0,"7":0,"8":0,"9":0,"10":0,"11":0,"12":0,"13":0,"14":0,"15":0,"16":0,"17":0,"18":0,"19":0,"20":0,"21":0,"22":0},"f":{"0":0,"1":0,"2":0,"3":0,"4":0,"5":0,"6":0,"7":0,"8":0,"9":0},"b":{"0":[0,0],"1":[0,0],"2":[0,0]},"meta":{"lastBranch":3,"lastFunction":10,"lastStatement":23,"seen":{"s:7:37:13:Infinity":0,"s:25:13:121:Infinity":1,"f:26:2:26:Infinity":0,"s:27:19:113:Infinity":2,"f:34:19:34:26":1,"s:35:24:35:38":3,"b:36:8:36:Infinity:undefined:undefined:undefined:undefined":0,"s:36:8:36:Infinity":4,"b:36:12:36:24:36:24:36:41":1,"s:36:41:36:Infinity":5,"s:38:41:43:Infinity":6,"s:45:8:50:Infinity":7,"f:45:8:45:13":2,"s:45:24:50:11":8,"s:52:8:85:Infinity":9,"s:53:24:53:70":10,"s:54:48:59:Infinity":11,"s:61:10:65:Infinity":12,"f:61:10:61:15":3,"s:61:26:65:13":13,"s:68:12:70:Infinity":14,"b:69:16:69:Infinity:70:16:70:Infinity":2,"s:72:10:85:Infinity":15,"f:72:10:72:15":4,"s:72:26:85:13":16,"f:89:6:89:22":5,"s:89:40:89:66":17,"f:91:6:91:26":6,"s:92:8:94:10":18,"f:96:29:96:36":7,"s:97:8:100:Infinity":19,"s:102:8:102:Infinity":20,"f:105:6:105:Infinity":8,"s:106:8:112:Infinity":21,"f:116:6:116:19":9,"s:116:30:119:Infinity":22}}}
,"C:\\Rahul\\ElectEd\\src\\store\\glossaryStore.ts": {"path":"C:\\Rahul\\ElectEd\\src\\store\\glossaryStore.ts","statementMap":{"0":{"start":{"line":10,"column":13},"end":{"line":28,"column":null}},"1":{"start":{"line":12,"column":19},"end":{"line":26,"column":null}},"2":{"start":{"line":16,"column":8},"end":{"line":23,"column":null}},"3":{"start":{"line":17,"column":25},"end":{"line":17,"column":61}},"4":{"start":{"line":18,"column":10},"end":{"line":22,"column":null}},"5":{"start":{"line":20,"column":52},"end":{"line":20,"column":63}},"6":{"start":{"line":25,"column":30},"end":{"line":25,"column":null}}},"fnMap":{"0":{"name":"(anonymous_0)","decl":{"start":{"line":11,"column":2},"end":{"line":11,"column":null}},"loc":{"start":{"line":12,"column":19},"end":{"line":26,"column":null}},"line":12},"1":{"name":"(anonymous_1)","decl":{"start":{"line":15,"column":6},"end":{"line":15,"column":23}},"loc":{"start":{"line":16,"column":8},"end":{"line":23,"column":null}},"line":16},"2":{"name":"(anonymous_2)","decl":{"start":{"line":16,"column":8},"end":{"line":16,"column":13}},"loc":{"start":{"line":16,"column":23},"end":{"line":23,"column":null}},"line":16},"3":{"name":"(anonymous_3)","decl":{"start":{"line":20,"column":38},"end":{"line":20,"column":46}},"loc":{"start":{"line":20,"column":52},"end":{"line":20,"column":63}},"line":20},"4":{"name":"(anonymous_4)","decl":{"start":{"line":25,"column":6},"end":{"line":25,"column":21}},"loc":{"start":{"line":25,"column":30},"end":{"line":25,"column":null}},"line":25}},"branchMap":{"0":{"loc":{"start":{"line":19,"column":29},"end":{"line":21,"column":48}},"type":"cond-expr","locations":[{"start":{"line":20,"column":16},"end":{"line":20,"column":63}},{"start":{"line":21,"column":16},"end":{"line":21,"column":48}}],"line":19}},"s":{"0":0,"1":0,"2":0,"3":0,"4":0,"5":0,"6":0},"f":{"0":0,"1":0,"2":0,"3":0,"4":0},"b":{"0":[0,0]},"meta":{"lastBranch":1,"lastFunction":5,"lastStatement":7,"seen":{"s:10:13:28:Infinity":0,"f:11:2:11:Infinity":0,"s:12:19:26:Infinity":1,"f:15:6:15:23":1,"s:16:8:23:Infinity":2,"f:16:8:16:13":2,"s:17:25:17:61":3,"s:18:10:22:Infinity":4,"b:20:16:20:63:21:16:21:48":0,"f:20:38:20:46":3,"s:20:52:20:63":5,"f:25:6:25:21":4,"s:25:30:25:Infinity":6}}}
,"C:\\Rahul\\ElectEd\\src\\store\\index.ts": {"path":"C:\\Rahul\\ElectEd\\src\\store\\index.ts","statementMap":{},"fnMap":{},"branchMap":{},"s":{},"f":{},"b":{},"meta":{"lastBranch":0,"lastFunction":0,"lastStatement":0,"seen":{}}}
,"C:\\Rahul\\ElectEd\\src\\store\\quizStore.ts": {"path":"C:\\Rahul\\ElectEd\\src\\store\\quizStore.ts","statementMap":{"0":{"start":{"line":38,"column":15},"end":{"line":38,"column":25}},"1":{"start":{"line":39,"column":2},"end":{"line":41,"column":null}},"2":{"start":{"line":39,"column":15},"end":{"line":39,"column":32}},"3":{"start":{"line":40,"column":14},"end":{"line":40,"column":49}},"4":{"start":{"line":41,"column":4},"end":{"line":41,"column":null}},"5":{"start":{"line":43,"column":2},"end":{"line":43,"column":null}},"6":{"start":{"line":47,"column":2},"end":{"line":47,"column":null}},"7":{"start":{"line":47,"column":33},"end":{"line":47,"column":null}},"8":{"start":{"line":48,"column":2},"end":{"line":48,"column":null}},"9":{"start":{"line":48,"column":37},"end":{"line":48,"column":null}},"10":{"start":{"line":49,"column":2},"end":{"line":49,"column":null}},"11":{"start":{"line":49,"column":33},"end":{"line":49,"column":null}},"12":{"start":{"line":50,"column":2},"end":{"line":50,"column":null}},"13":{"start":{"line":53,"column":58},"end":{"line":58,"column":null}},"14":{"start":{"line":60,"column":13},"end":{"line":151,"column":null}},"15":{"start":{"line":62,"column":19},"end":{"line":144,"column":null}},"16":{"start":{"line":74,"column":8},"end":{"line":82,"column":10}},"17":{"start":{"line":85,"column":61},"end":{"line":85,"column":66}},"18":{"start":{"line":86,"column":25},"end":{"line":86,"column":null}},"19":{"start":{"line":87,"column":8},"end":{"line":87,"column":null}},"20":{"start":{"line":87,"column":23},"end":{"line":87,"column":null}},"21":{"start":{"line":89,"column":8},"end":{"line":89,"column":null}},"22":{"start":{"line":89,"column":37},"end":{"line":89,"column":71}},"23":{"start":{"line":89,"column":73},"end":{"line":89,"column":null}},"24":{"start":{"line":91,"column":26},"end":{"line":91,"column":null}},"25":{"start":{"line":92,"column":41},"end":{"line":97,"column":null}},"26":{"start":{"line":99,"column":8},"end":{"line":102,"column":null}},"27":{"start":{"line":99,"column":24},"end":{"line":102,"column":11}},"28":{"start":{"line":106,"column":89},"end":{"line":106,"column":94}},"29":{"start":{"line":107,"column":26},"end":{"line":107,"column":null}},"30":{"start":{"line":108,"column":8},"end":{"line":123,"column":null}},"31":{"start":{"line":109,"column":10},"end":{"line":111,"column":null}},"32":{"start":{"line":110,"column":12},"end":{"line":110,"column":null}},"33":{"start":{"line":111,"column":12},"end":{"line":111,"column":null}},"34":{"start":{"line":114,"column":26},"end":{"line":114,"column":null}},"35":{"start":{"line":115,"column":23},"end":{"line":115,"column":null}},"36":{"start":{"line":116,"column":10},"end":{"line":122,"column":null}},"37":{"start":{"line":123,"column":10},"end":{"line":123,"column":null}},"38":{"start":{"line":125,"column":8},"end":{"line":125,"column":null}},"39":{"start":{"line":129,"column":25},"end":{"line":129,"column":null}},"40":{"start":{"line":130,"column":8},"end":{"line":130,"column":null}},"41":{"start":{"line":130,"column":23},"end":{"line":130,"column":null}},"42":{"start":{"line":131,"column":8},"end":{"line":131,"column":null}},"43":{"start":{"line":135,"column":8},"end":{"line":143,"column":null}},"44":{"start":{"line":147,"column":30},"end":{"line":148,"column":null}}},"fnMap":{"0":{"name":"shuffle","decl":{"start":{"line":37,"column":9},"end":{"line":37,"column":20}},"loc":{"start":{"line":37,"column":37},"end":{"line":43,"column":null}},"line":37},"1":{"name":"buildQuestionsForCategory","decl":{"start":{"line":46,"column":9},"end":{"line":46,"column":35}},"loc":{"start":{"line":46,"column":83},"end":{"line":50,"column":null}},"line":46},"2":{"name":"(anonymous_2)","decl":{"start":{"line":61,"column":2},"end":{"line":61,"column":null}},"loc":{"start":{"line":62,"column":19},"end":{"line":144,"column":null}},"line":62},"3":{"name":"(anonymous_3)","decl":{"start":{"line":73,"column":6},"end":{"line":73,"column":18}},"loc":{"start":{"line":74,"column":8},"end":{"line":82,"column":10}},"line":74},"4":{"name":"(anonymous_4)","decl":{"start":{"line":84,"column":6},"end":{"line":84,"column":21}},"loc":{"start":{"line":84,"column":52},"end":{"line":102,"column":null}},"line":84},"5":{"name":"(anonymous_5)","decl":{"start":{"line":89,"column":20},"end":{"line":89,"column":26}},"loc":{"start":{"line":89,"column":37},"end":{"line":89,"column":71}},"line":89},"6":{"name":"(anonymous_6)","decl":{"start":{"line":99,"column":8},"end":{"line":99,"column":13}},"loc":{"start":{"line":99,"column":24},"end":{"line":102,"column":11}},"line":99},"7":{"name":"(anonymous_7)","decl":{"start":{"line":105,"column":6},"end":{"line":105,"column":26}},"loc":{"start":{"line":105,"column":26},"end":{"line":125,"column":null}},"line":105},"8":{"name":"(anonymous_8)","decl":{"start":{"line":128,"column":6},"end":{"line":128,"column":24}},"loc":{"start":{"line":128,"column":24},"end":{"line":131,"column":null}},"line":128},"9":{"name":"(anonymous_9)","decl":{"start":{"line":134,"column":6},"end":{"line":134,"column":null}},"loc":{"start":{"line":135,"column":8},"end":{"line":143,"column":null}},"line":135},"10":{"name":"(anonymous_10)","decl":{"start":{"line":147,"column":6},"end":{"line":147,"column":19}},"loc":{"start":{"line":147,"column":30},"end":{"line":148,"column":null}},"line":147}},"branchMap":{"0":{"loc":{"start":{"line":47,"column":2},"end":{"line":47,"column":null}},"type":"if","locations":[{"start":{"line":47,"column":2},"end":{"line":47,"column":null}},{"start":{},"end":{}}],"line":47},"1":{"loc":{"start":{"line":48,"column":2},"end":{"line":48,"column":null}},"type":"if","locations":[{"start":{"line":48,"column":2},"end":{"line":48,"column":null}},{"start":{},"end":{}}],"line":48},"2":{"loc":{"start":{"line":49,"column":2},"end":{"line":49,"column":null}},"type":"if","locations":[{"start":{"line":49,"column":2},"end":{"line":49,"column":null}},{"start":{},"end":{}}],"line":49},"3":{"loc":{"start":{"line":87,"column":8},"end":{"line":87,"column":null}},"type":"if","locations":[{"start":{"line":87,"column":8},"end":{"line":87,"column":null}},{"start":{},"end":{}}],"line":87},"4":{"loc":{"start":{"line":89,"column":8},"end":{"line":89,"column":null}},"type":"if","locations":[{"start":{"line":89,"column":8},"end":{"line":89,"column":null}},{"start":{},"end":{}}],"line":89},"5":{"loc":{"start":{"line":101,"column":17},"end":{"line":101,"column":null}},"type":"cond-expr","locations":[{"start":{"line":101,"column":29},"end":{"line":101,"column":47}},{"start":{"line":101,"column":47},"end":{"line":101,"column":null}}],"line":101},"6":{"loc":{"start":{"line":108,"column":8},"end":{"line":123,"column":null}},"type":"if","locations":[{"start":{"line":108,"column":8},"end":{"line":123,"column":null}},{"start":{},"end":{}}],"line":108},"7":{"loc":{"start":{"line":109,"column":10},"end":{"line":111,"column":null}},"type":"if","locations":[{"start":{"line":109,"column":10},"end":{"line":111,"column":null}},{"start":{},"end":{}}],"line":109},"8":{"loc":{"start":{"line":114,"column":26},"end":{"line":114,"column":null}},"type":"cond-expr","locations":[{"start":{"line":114,"column":49},"end":{"line":114,"column":93}},{"start":{"line":114,"column":96},"end":{"line":114,"column":null}}],"line":114},"9":{"loc":{"start":{"line":115,"column":23},"end":{"line":115,"column":null}},"type":"binary-expr","locations":[{"start":{"line":115,"column":23},"end":{"line":115,"column":55}},{"start":{"line":115,"column":55},"end":{"line":115,"column":null}}],"line":115},"10":{"loc":{"start":{"line":130,"column":8},"end":{"line":130,"column":null}},"type":"if","locations":[{"start":{"line":130,"column":8},"end":{"line":130,"column":null}},{"start":{},"end":{}}],"line":130}},"s":{"0":0,"1":0,"2":0,"3":0,"4":0,"5":0,"6":0,"7":0,"8":0,"9":0,"10":0,"11":0,"12":0,"13":0,"14":0,"15":0,"16":0,"17":0,"18":0,"19":0,"20":0,"21":0,"22":0,"23":0,"24":0,"25":0,"26":0,"27":0,"28":0,"29":0,"30":0,"31":0,"32":0,"33":0,"34":0,"35":0,"36":0,"37":0,"38":0,"39":0,"40":0,"41":0,"42":0,"43":0,"44":0},"f":{"0":0,"1":0,"2":0,"3":0,"4":0,"5":0,"6":0,"7":0,"8":0,"9":0,"10":0},"b":{"0":[0,0],"1":[0,0],"2":[0,0],"3":[0,0],"4":[0,0],"5":[0,0],"6":[0,0],"7":[0,0],"8":[0,0],"9":[0,0],"10":[0,0]},"meta":{"lastBranch":11,"lastFunction":11,"lastStatement":45,"seen":{"f:37:9:37:20":0,"s:38:15:38:25":0,"s:39:2:41:Infinity":1,"s:39:15:39:32":2,"s:40:14:40:49":3,"s:41:4:41:Infinity":4,"s:43:2:43:Infinity":5,"f:46:9:46:35":1,"b:47:2:47:Infinity:undefined:undefined:undefined:undefined":0,"s:47:2:47:Infinity":6,"s:47:33:47:Infinity":7,"b:48:2:48:Infinity:undefined:undefined:undefined:undefined":1,"s:48:2:48:Infinity":8,"s:48:37:48:Infinity":9,"b:49:2:49:Infinity:undefined:undefined:undefined:undefined":2,"s:49:2:49:Infinity":10,"s:49:33:49:Infinity":11,"s:50:2:50:Infinity":12,"s:53:58:58:Infinity":13,"s:60:13:151:Infinity":14,"f:61:2:61:Infinity":2,"s:62:19:144:Infinity":15,"f:73:6:73:18":3,"s:74:8:82:10":16,"f:84:6:84:21":4,"s:85:61:85:66":17,"s:86:25:86:Infinity":18,"b:87:8:87:Infinity:undefined:undefined:undefined:undefined":3,"s:87:8:87:Infinity":19,"s:87:23:87:Infinity":20,"b:89:8:89:Infinity:undefined:undefined:undefined:undefined":4,"s:89:8:89:Infinity":21,"f:89:20:89:26":5,"s:89:37:89:71":22,"s:89:73:89:Infinity":23,"s:91:26:91:Infinity":24,"s:92:41:97:Infinity":25,"s:99:8:102:Infinity":26,"f:99:8:99:13":6,"s:99:24:102:11":27,"b:101:29:101:47:101:47:101:Infinity":5,"f:105:6:105:26":7,"s:106:89:106:94":28,"s:107:26:107:Infinity":29,"b:108:8:123:Infinity:undefined:undefined:undefined:undefined":6,"s:108:8:123:Infinity":30,"b:109:10:111:Infinity:undefined:undefined:undefined:undefined":7,"s:109:10:111:Infinity":31,"s:110:12:110:Infinity":32,"s:111:12:111:Infinity":33,"s:114:26:114:Infinity":34,"b:114:49:114:93:114:96:114:Infinity":8,"s:115:23:115:Infinity":35,"b:115:23:115:55:115:55:115:Infinity":9,"s:116:10:122:Infinity":36,"s:123:10:123:Infinity":37,"s:125:8:125:Infinity":38,"f:128:6:128:24":8,"s:129:25:129:Infinity":39,"b:130:8:130:Infinity:undefined:undefined:undefined:undefined":10,"s:130:8:130:Infinity":40,"s:130:23:130:Infinity":41,"s:131:8:131:Infinity":42,"f:134:6:134:Infinity":9,"s:135:8:143:Infinity":43,"f:147:6:147:19":10,"s:147:30:148:Infinity":44}}}
,"C:\\Rahul\\ElectEd\\src\\store\\stepsStore.ts": {"path":"C:\\Rahul\\ElectEd\\src\\store\\stepsStore.ts","statementMap":{"0":{"start":{"line":11,"column":13},"end":{"line":34,"column":null}},"1":{"start":{"line":13,"column":14},"end":{"line":26,"column":null}},"2":{"start":{"line":16,"column":32},"end":{"line":16,"column":84}},"3":{"start":{"line":18,"column":8},"end":{"line":24,"column":null}},"4":{"start":{"line":19,"column":25},"end":{"line":19,"column":62}},"5":{"start":{"line":20,"column":10},"end":{"line":24,"column":null}},"6":{"start":{"line":22,"column":56},"end":{"line":22,"column":70}},"7":{"start":{"line":23,"column":65},"end":{"line":23,"column":71}},"8":{"start":{"line":29,"column":30},"end":{"line":32,"column":null}}},"fnMap":{"0":{"name":"(anonymous_0)","decl":{"start":{"line":12,"column":2},"end":{"line":12,"column":null}},"loc":{"start":{"line":13,"column":14},"end":{"line":26,"column":null}},"line":13},"1":{"name":"(anonymous_1)","decl":{"start":{"line":16,"column":6},"end":{"line":16,"column":23}},"loc":{"start":{"line":16,"column":32},"end":{"line":16,"column":84}},"line":16},"2":{"name":"(anonymous_2)","decl":{"start":{"line":17,"column":6},"end":{"line":17,"column":28}},"loc":{"start":{"line":18,"column":8},"end":{"line":24,"column":null}},"line":18},"3":{"name":"(anonymous_3)","decl":{"start":{"line":18,"column":8},"end":{"line":18,"column":13}},"loc":{"start":{"line":18,"column":23},"end":{"line":24,"column":null}},"line":18},"4":{"name":"(anonymous_4)","decl":{"start":{"line":22,"column":39},"end":{"line":22,"column":47}},"loc":{"start":{"line":22,"column":56},"end":{"line":22,"column":70}},"line":22},"5":{"name":"(anonymous_5)","decl":{"start":{"line":23,"column":50},"end":{"line":23,"column":56}},"loc":{"start":{"line":23,"column":65},"end":{"line":23,"column":71}},"line":23},"6":{"name":"(anonymous_6)","decl":{"start":{"line":29,"column":6},"end":{"line":29,"column":19}},"loc":{"start":{"line":29,"column":30},"end":{"line":32,"column":null}},"line":29}},"branchMap":{"0":{"loc":{"start":{"line":21,"column":30},"end":{"line":23,"column":71}},"type":"cond-expr","locations":[{"start":{"line":22,"column":16},"end":{"line":22,"column":70}},{"start":{"line":23,"column":16},"end":{"line":23,"column":71}}],"line":21}},"s":{"0":0,"1":0,"2":0,"3":0,"4":0,"5":0,"6":0,"7":0,"8":0},"f":{"0":0,"1":0,"2":0,"3":0,"4":0,"5":0,"6":0},"b":{"0":[0,0]},"meta":{"lastBranch":1,"lastFunction":7,"lastStatement":9,"seen":{"s:11:13:34:Infinity":0,"f:12:2:12:Infinity":0,"s:13:14:26:Infinity":1,"f:16:6:16:23":1,"s:16:32:16:84":2,"f:17:6:17:28":2,"s:18:8:24:Infinity":3,"f:18:8:18:13":3,"s:19:25:19:62":4,"s:20:10:24:Infinity":5,"b:22:16:22:70:23:16:23:71":0,"f:22:39:22:47":4,"s:22:56:22:70":6,"f:23:50:23:56":5,"s:23:65:23:71":7,"f:29:6:29:19":6,"s:29:30:32:Infinity":8}}}
}
